2025-03-03T09:00:48.685+01:00  INFO 7480 --- [paymybuddy] [restartedMain] c.p.paymybuddy.PaymybuddyApplication     : Starting PaymybuddyApplication using Java 21.0.5 with PID 7480 (C:\Users\gbujon\Desktop\PayMyBuddy\target\classes started by gbujon in C:\Users\gbujon\Desktop\PayMyBuddy)
2025-03-03T09:00:48.692+01:00  INFO 7480 --- [paymybuddy] [restartedMain] c.p.paymybuddy.PaymybuddyApplication     : No active profile set, falling back to 1 default profile: "default"
2025-03-03T09:00:48.761+01:00  INFO 7480 --- [paymybuddy] [restartedMain] .e.DevToolsPropertyDefaultsPostProcessor : Devtools property defaults active! Set 'spring.devtools.add-properties' to 'false' to disable
2025-03-03T09:00:48.772+01:00  INFO 7480 --- [paymybuddy] [restartedMain] .e.DevToolsPropertyDefaultsPostProcessor : For additional web related logging consider setting the 'logging.level.web' property to 'DEBUG'
2025-03-03T09:00:49.952+01:00  INFO 7480 --- [paymybuddy] [restartedMain] .s.d.r.c.RepositoryConfigurationDelegate : Bootstrapping Spring Data JPA repositories in DEFAULT mode.
2025-03-03T09:00:50.037+01:00  INFO 7480 --- [paymybuddy] [restartedMain] .s.d.r.c.RepositoryConfigurationDelegate : Finished Spring Data repository scanning in 72 ms. Found 2 JPA repository interfaces.
2025-03-03T09:00:50.838+01:00  INFO 7480 --- [paymybuddy] [restartedMain] o.s.b.w.embedded.tomcat.TomcatWebServer  : Tomcat initialized with port 8080 (http)
2025-03-03T09:00:50.854+01:00  INFO 7480 --- [paymybuddy] [restartedMain] o.apache.catalina.core.StandardService   : Starting service [Tomcat]
2025-03-03T09:00:50.854+01:00  INFO 7480 --- [paymybuddy] [restartedMain] o.apache.catalina.core.StandardEngine    : Starting Servlet engine: [Apache Tomcat/10.1.34]
2025-03-03T09:00:50.921+01:00  INFO 7480 --- [paymybuddy] [restartedMain] o.a.c.c.C.[Tomcat].[localhost].[/]       : Initializing Spring embedded WebApplicationContext
2025-03-03T09:00:50.922+01:00  INFO 7480 --- [paymybuddy] [restartedMain] w.s.c.ServletWebServerApplicationContext : Root WebApplicationContext: initialization completed in 2149 ms
2025-03-03T09:00:51.003+01:00 DEBUG 7480 --- [paymybuddy] [restartedMain] o.s.w.f.CommonsRequestLoggingFilter      : Filter 'logFilter' configured for use
2025-03-03T09:00:51.216+01:00  INFO 7480 --- [paymybuddy] [restartedMain] o.hibernate.jpa.internal.util.LogHelper  : HHH000204: Processing PersistenceUnitInfo [name: default]
2025-03-03T09:00:51.323+01:00  INFO 7480 --- [paymybuddy] [restartedMain] org.hibernate.Version                    : HHH000412: Hibernate ORM core version 6.6.5.Final
2025-03-03T09:00:51.355+01:00  INFO 7480 --- [paymybuddy] [restartedMain] o.h.c.internal.RegionFactoryInitiator    : HHH000026: Second-level cache disabled
2025-03-03T09:00:51.720+01:00  INFO 7480 --- [paymybuddy] [restartedMain] o.s.o.j.p.SpringPersistenceUnitInfo      : No LoadTimeWeaver setup: ignoring JPA class transformer
2025-03-03T09:00:51.756+01:00  INFO 7480 --- [paymybuddy] [restartedMain] com.zaxxer.hikari.HikariDataSource       : HikariPool-1 - Starting...
2025-03-03T09:00:51.972+01:00  INFO 7480 --- [paymybuddy] [restartedMain] com.zaxxer.hikari.pool.HikariPool        : HikariPool-1 - Added connection com.mysql.cj.jdbc.ConnectionImpl@4ed973e6
2025-03-03T09:00:51.972+01:00  INFO 7480 --- [paymybuddy] [restartedMain] com.zaxxer.hikari.HikariDataSource       : HikariPool-1 - Start completed.
2025-03-03T09:00:52.026+01:00  WARN 7480 --- [paymybuddy] [restartedMain] org.hibernate.orm.deprecation            : HHH90000025: MySQL8Dialect does not need to be specified explicitly using 'hibernate.dialect' (remove the property setting and it will be selected by default)
2025-03-03T09:00:52.026+01:00  WARN 7480 --- [paymybuddy] [restartedMain] org.hibernate.orm.deprecation            : HHH90000026: MySQL8Dialect has been deprecated; use org.hibernate.dialect.MySQLDialect instead
2025-03-03T09:00:52.040+01:00  INFO 7480 --- [paymybuddy] [restartedMain] org.hibernate.orm.connections.pooling    : HHH10001005: Database info:
	Database JDBC URL [Connecting through datasource 'HikariDataSource (HikariPool-1)']
	Database driver: undefined/unknown
	Database version: 8.0
	Autocommit mode: undefined/unknown
	Isolation level: undefined/unknown
	Minimum pool size: undefined/unknown
	Maximum pool size: undefined/unknown
2025-03-03T09:00:53.034+01:00  INFO 7480 --- [paymybuddy] [restartedMain] o.h.e.t.j.p.i.JtaPlatformInitiator       : HHH000489: No JTA platform available (set 'hibernate.transaction.jta.platform' to enable JTA platform integration)
2025-03-03T09:00:53.128+01:00  INFO 7480 --- [paymybuddy] [restartedMain] j.LocalContainerEntityManagerFactoryBean : Initialized JPA EntityManagerFactory for persistence unit 'default'
2025-03-03T09:00:53.582+01:00  WARN 7480 --- [paymybuddy] [restartedMain] JpaBaseConfiguration$JpaWebConfiguration : spring.jpa.open-in-view is enabled by default. Therefore, database queries may be performed during view rendering. Explicitly configure spring.jpa.open-in-view to disable this warning
2025-03-03T09:00:53.612+01:00  INFO 7480 --- [paymybuddy] [restartedMain] r$InitializeUserDetailsManagerConfigurer : Global AuthenticationManager configured with UserDetailsService bean with name customUserDetailsService
2025-03-03T09:00:54.211+01:00  INFO 7480 --- [paymybuddy] [restartedMain] o.s.b.d.a.OptionalLiveReloadServer       : LiveReload server is running on port 35729
2025-03-03T09:00:54.251+01:00  INFO 7480 --- [paymybuddy] [restartedMain] o.s.b.w.embedded.tomcat.TomcatWebServer  : Tomcat started on port 8080 (http) with context path '/'
2025-03-03T09:00:54.269+01:00  INFO 7480 --- [paymybuddy] [restartedMain] c.p.paymybuddy.PaymybuddyApplication     : Started PaymybuddyApplication in 6.099 seconds (process running for 6.538)
2025-03-03T09:02:37.098+01:00  INFO 9604 --- [paymybuddy] [restartedMain] c.p.paymybuddy.PaymybuddyApplication     : Starting PaymybuddyApplication using Java 21.0.5 with PID 9604 (C:\Users\gbujon\Desktop\PayMyBuddy\target\classes started by gbujon in C:\Users\gbujon\Desktop\PayMyBuddy)
2025-03-03T09:02:37.102+01:00  INFO 9604 --- [paymybuddy] [restartedMain] c.p.paymybuddy.PaymybuddyApplication     : No active profile set, falling back to 1 default profile: "default"
2025-03-03T09:02:37.173+01:00  INFO 9604 --- [paymybuddy] [restartedMain] .e.DevToolsPropertyDefaultsPostProcessor : Devtools property defaults active! Set 'spring.devtools.add-properties' to 'false' to disable
2025-03-03T09:02:37.173+01:00  INFO 9604 --- [paymybuddy] [restartedMain] .e.DevToolsPropertyDefaultsPostProcessor : For additional web related logging consider setting the 'logging.level.web' property to 'DEBUG'
2025-03-03T09:02:38.429+01:00  INFO 9604 --- [paymybuddy] [restartedMain] .s.d.r.c.RepositoryConfigurationDelegate : Bootstrapping Spring Data JPA repositories in DEFAULT mode.
2025-03-03T09:02:38.513+01:00  INFO 9604 --- [paymybuddy] [restartedMain] .s.d.r.c.RepositoryConfigurationDelegate : Finished Spring Data repository scanning in 66 ms. Found 2 JPA repository interfaces.
2025-03-03T09:02:39.366+01:00  INFO 9604 --- [paymybuddy] [restartedMain] o.s.b.w.embedded.tomcat.TomcatWebServer  : Tomcat initialized with port 8080 (http)
2025-03-03T09:02:39.380+01:00  INFO 9604 --- [paymybuddy] [restartedMain] o.apache.catalina.core.StandardService   : Starting service [Tomcat]
2025-03-03T09:02:39.380+01:00  INFO 9604 --- [paymybuddy] [restartedMain] o.apache.catalina.core.StandardEngine    : Starting Servlet engine: [Apache Tomcat/10.1.34]
2025-03-03T09:02:39.436+01:00  INFO 9604 --- [paymybuddy] [restartedMain] o.a.c.c.C.[Tomcat].[localhost].[/]       : Initializing Spring embedded WebApplicationContext
2025-03-03T09:02:39.436+01:00  INFO 9604 --- [paymybuddy] [restartedMain] w.s.c.ServletWebServerApplicationContext : Root WebApplicationContext: initialization completed in 2263 ms
2025-03-03T09:02:39.503+01:00 DEBUG 9604 --- [paymybuddy] [restartedMain] o.s.w.f.CommonsRequestLoggingFilter      : Filter 'logFilter' configured for use
2025-03-03T09:02:39.623+01:00  INFO 9604 --- [paymybuddy] [restartedMain] o.hibernate.jpa.internal.util.LogHelper  : HHH000204: Processing PersistenceUnitInfo [name: default]
2025-03-03T09:02:39.692+01:00  INFO 9604 --- [paymybuddy] [restartedMain] org.hibernate.Version                    : HHH000412: Hibernate ORM core version 6.6.5.Final
2025-03-03T09:02:39.733+01:00  INFO 9604 --- [paymybuddy] [restartedMain] o.h.c.internal.RegionFactoryInitiator    : HHH000026: Second-level cache disabled
2025-03-03T09:02:40.054+01:00  INFO 9604 --- [paymybuddy] [restartedMain] o.s.o.j.p.SpringPersistenceUnitInfo      : No LoadTimeWeaver setup: ignoring JPA class transformer
2025-03-03T09:02:40.100+01:00  INFO 9604 --- [paymybuddy] [restartedMain] com.zaxxer.hikari.HikariDataSource       : HikariPool-1 - Starting...
2025-03-03T09:02:40.257+01:00  INFO 9604 --- [paymybuddy] [restartedMain] com.zaxxer.hikari.pool.HikariPool        : HikariPool-1 - Added connection com.mysql.cj.jdbc.ConnectionImpl@4fecfa6b
2025-03-03T09:02:40.257+01:00  INFO 9604 --- [paymybuddy] [restartedMain] com.zaxxer.hikari.HikariDataSource       : HikariPool-1 - Start completed.
2025-03-03T09:02:40.299+01:00  WARN 9604 --- [paymybuddy] [restartedMain] org.hibernate.orm.deprecation            : HHH90000025: MySQL8Dialect does not need to be specified explicitly using 'hibernate.dialect' (remove the property setting and it will be selected by default)
2025-03-03T09:02:40.299+01:00  WARN 9604 --- [paymybuddy] [restartedMain] org.hibernate.orm.deprecation            : HHH90000026: MySQL8Dialect has been deprecated; use org.hibernate.dialect.MySQLDialect instead
2025-03-03T09:02:40.334+01:00  INFO 9604 --- [paymybuddy] [restartedMain] org.hibernate.orm.connections.pooling    : HHH10001005: Database info:
	Database JDBC URL [Connecting through datasource 'HikariDataSource (HikariPool-1)']
	Database driver: undefined/unknown
	Database version: 8.0
	Autocommit mode: undefined/unknown
	Isolation level: undefined/unknown
	Minimum pool size: undefined/unknown
	Maximum pool size: undefined/unknown
2025-03-03T09:02:41.222+01:00  INFO 9604 --- [paymybuddy] [restartedMain] o.h.e.t.j.p.i.JtaPlatformInitiator       : HHH000489: No JTA platform available (set 'hibernate.transaction.jta.platform' to enable JTA platform integration)
2025-03-03T09:02:41.344+01:00  INFO 9604 --- [paymybuddy] [restartedMain] j.LocalContainerEntityManagerFactoryBean : Initialized JPA EntityManagerFactory for persistence unit 'default'
2025-03-03T09:02:41.842+01:00  WARN 9604 --- [paymybuddy] [restartedMain] JpaBaseConfiguration$JpaWebConfiguration : spring.jpa.open-in-view is enabled by default. Therefore, database queries may be performed during view rendering. Explicitly configure spring.jpa.open-in-view to disable this warning
2025-03-03T09:02:41.886+01:00  INFO 9604 --- [paymybuddy] [restartedMain] r$InitializeUserDetailsManagerConfigurer : Global AuthenticationManager configured with UserDetailsService bean with name customUserDetailsService
2025-03-03T09:02:42.458+01:00  WARN 9604 --- [paymybuddy] [restartedMain] o.s.b.d.a.OptionalLiveReloadServer       : Unable to start LiveReload server
2025-03-03T09:02:42.485+01:00  WARN 9604 --- [paymybuddy] [restartedMain] ConfigServletWebServerApplicationContext : Exception encountered during context initialization - cancelling refresh attempt: org.springframework.context.ApplicationContextException: Failed to start bean 'webServerStartStop'
2025-03-03T09:02:42.485+01:00  INFO 9604 --- [paymybuddy] [restartedMain] j.LocalContainerEntityManagerFactoryBean : Closing JPA EntityManagerFactory for persistence unit 'default'
2025-03-03T09:02:42.508+01:00  INFO 9604 --- [paymybuddy] [restartedMain] com.zaxxer.hikari.HikariDataSource       : HikariPool-1 - Shutdown initiated...
2025-03-03T09:02:42.524+01:00  INFO 9604 --- [paymybuddy] [restartedMain] com.zaxxer.hikari.HikariDataSource       : HikariPool-1 - Shutdown completed.
2025-03-03T09:02:42.540+01:00  INFO 9604 --- [paymybuddy] [restartedMain] .s.b.a.l.ConditionEvaluationReportLogger : 

Error starting ApplicationContext. To display the condition evaluation report re-run your application with 'debug' enabled.
2025-03-03T09:02:42.573+01:00 ERROR 9604 --- [paymybuddy] [restartedMain] o.s.b.d.LoggingFailureAnalysisReporter   : 

***************************
APPLICATION FAILED TO START
***************************

Description:

Web server failed to start. Port 8080 was already in use.

Action:

Identify and stop the process that's listening on port 8080 or configure this application to listen on another port.

2025-03-03T09:05:00.134+01:00  INFO 10656 --- [paymybuddy] [restartedMain] c.p.paymybuddy.PaymybuddyApplication     : Starting PaymybuddyApplication using Java 21.0.5 with PID 10656 (C:\Users\gbujon\Desktop\PayMyBuddy\target\classes started by gbujon in C:\Users\gbujon\Desktop\PayMyBuddy)
2025-03-03T09:05:00.138+01:00  INFO 10656 --- [paymybuddy] [restartedMain] c.p.paymybuddy.PaymybuddyApplication     : No active profile set, falling back to 1 default profile: "default"
2025-03-03T09:05:00.197+01:00  INFO 10656 --- [paymybuddy] [restartedMain] .e.DevToolsPropertyDefaultsPostProcessor : Devtools property defaults active! Set 'spring.devtools.add-properties' to 'false' to disable
2025-03-03T09:05:00.198+01:00  INFO 10656 --- [paymybuddy] [restartedMain] .e.DevToolsPropertyDefaultsPostProcessor : For additional web related logging consider setting the 'logging.level.web' property to 'DEBUG'
2025-03-03T09:05:01.303+01:00  INFO 10656 --- [paymybuddy] [restartedMain] .s.d.r.c.RepositoryConfigurationDelegate : Bootstrapping Spring Data JPA repositories in DEFAULT mode.
2025-03-03T09:05:01.393+01:00  INFO 10656 --- [paymybuddy] [restartedMain] .s.d.r.c.RepositoryConfigurationDelegate : Finished Spring Data repository scanning in 76 ms. Found 2 JPA repository interfaces.
2025-03-03T09:05:02.268+01:00  INFO 10656 --- [paymybuddy] [restartedMain] o.s.b.w.embedded.tomcat.TomcatWebServer  : Tomcat initialized with port 8080 (http)
2025-03-03T09:05:02.286+01:00  INFO 10656 --- [paymybuddy] [restartedMain] o.apache.catalina.core.StandardService   : Starting service [Tomcat]
2025-03-03T09:05:02.287+01:00  INFO 10656 --- [paymybuddy] [restartedMain] o.apache.catalina.core.StandardEngine    : Starting Servlet engine: [Apache Tomcat/10.1.34]
2025-03-03T09:05:02.335+01:00  INFO 10656 --- [paymybuddy] [restartedMain] o.a.c.c.C.[Tomcat].[localhost].[/]       : Initializing Spring embedded WebApplicationContext
2025-03-03T09:05:02.336+01:00  INFO 10656 --- [paymybuddy] [restartedMain] w.s.c.ServletWebServerApplicationContext : Root WebApplicationContext: initialization completed in 2137 ms
2025-03-03T09:05:02.403+01:00 DEBUG 10656 --- [paymybuddy] [restartedMain] o.s.w.f.CommonsRequestLoggingFilter      : Filter 'logFilter' configured for use
2025-03-03T09:05:02.538+01:00  INFO 10656 --- [paymybuddy] [restartedMain] o.hibernate.jpa.internal.util.LogHelper  : HHH000204: Processing PersistenceUnitInfo [name: default]
2025-03-03T09:05:02.601+01:00  INFO 10656 --- [paymybuddy] [restartedMain] org.hibernate.Version                    : HHH000412: Hibernate ORM core version 6.6.5.Final
2025-03-03T09:05:02.658+01:00  INFO 10656 --- [paymybuddy] [restartedMain] o.h.c.internal.RegionFactoryInitiator    : HHH000026: Second-level cache disabled
2025-03-03T09:05:02.952+01:00  INFO 10656 --- [paymybuddy] [restartedMain] o.s.o.j.p.SpringPersistenceUnitInfo      : No LoadTimeWeaver setup: ignoring JPA class transformer
2025-03-03T09:05:02.995+01:00  INFO 10656 --- [paymybuddy] [restartedMain] com.zaxxer.hikari.HikariDataSource       : HikariPool-1 - Starting...
2025-03-03T09:05:03.184+01:00  INFO 10656 --- [paymybuddy] [restartedMain] com.zaxxer.hikari.pool.HikariPool        : HikariPool-1 - Added connection com.mysql.cj.jdbc.ConnectionImpl@43774601
2025-03-03T09:05:03.187+01:00  INFO 10656 --- [paymybuddy] [restartedMain] com.zaxxer.hikari.HikariDataSource       : HikariPool-1 - Start completed.
2025-03-03T09:05:03.237+01:00  WARN 10656 --- [paymybuddy] [restartedMain] org.hibernate.orm.deprecation            : HHH90000025: MySQL8Dialect does not need to be specified explicitly using 'hibernate.dialect' (remove the property setting and it will be selected by default)
2025-03-03T09:05:03.240+01:00  WARN 10656 --- [paymybuddy] [restartedMain] org.hibernate.orm.deprecation            : HHH90000026: MySQL8Dialect has been deprecated; use org.hibernate.dialect.MySQLDialect instead
2025-03-03T09:05:03.264+01:00  INFO 10656 --- [paymybuddy] [restartedMain] org.hibernate.orm.connections.pooling    : HHH10001005: Database info:
	Database JDBC URL [Connecting through datasource 'HikariDataSource (HikariPool-1)']
	Database driver: undefined/unknown
	Database version: 8.0
	Autocommit mode: undefined/unknown
	Isolation level: undefined/unknown
	Minimum pool size: undefined/unknown
	Maximum pool size: undefined/unknown
2025-03-03T09:05:04.191+01:00  INFO 10656 --- [paymybuddy] [restartedMain] o.h.e.t.j.p.i.JtaPlatformInitiator       : HHH000489: No JTA platform available (set 'hibernate.transaction.jta.platform' to enable JTA platform integration)
2025-03-03T09:05:04.293+01:00  INFO 10656 --- [paymybuddy] [restartedMain] j.LocalContainerEntityManagerFactoryBean : Initialized JPA EntityManagerFactory for persistence unit 'default'
2025-03-03T09:05:04.746+01:00  WARN 10656 --- [paymybuddy] [restartedMain] JpaBaseConfiguration$JpaWebConfiguration : spring.jpa.open-in-view is enabled by default. Therefore, database queries may be performed during view rendering. Explicitly configure spring.jpa.open-in-view to disable this warning
2025-03-03T09:05:04.767+01:00  INFO 10656 --- [paymybuddy] [restartedMain] r$InitializeUserDetailsManagerConfigurer : Global AuthenticationManager configured with UserDetailsService bean with name customUserDetailsService
2025-03-03T09:05:05.359+01:00  INFO 10656 --- [paymybuddy] [restartedMain] o.s.b.d.a.OptionalLiveReloadServer       : LiveReload server is running on port 35729
2025-03-03T09:05:05.463+01:00  INFO 10656 --- [paymybuddy] [restartedMain] o.s.b.w.embedded.tomcat.TomcatWebServer  : Tomcat started on port 8080 (http) with context path '/'
2025-03-03T09:05:05.489+01:00  INFO 10656 --- [paymybuddy] [restartedMain] c.p.paymybuddy.PaymybuddyApplication     : Started PaymybuddyApplication in 5.981 seconds (process running for 6.496)
2025-03-03T09:09:23.194+01:00  INFO 10656 --- [paymybuddy] [http-nio-8080-exec-1] o.a.c.c.C.[Tomcat].[localhost].[/]       : Initializing Spring DispatcherServlet 'dispatcherServlet'
2025-03-03T09:09:23.194+01:00  INFO 10656 --- [paymybuddy] [http-nio-8080-exec-1] o.s.web.servlet.DispatcherServlet        : Initializing Servlet 'dispatcherServlet'
2025-03-03T09:09:23.194+01:00  INFO 10656 --- [paymybuddy] [http-nio-8080-exec-1] o.s.web.servlet.DispatcherServlet        : Completed initialization in 0 ms
2025-03-03T09:09:23.262+01:00 DEBUG 10656 --- [paymybuddy] [http-nio-8080-exec-1] o.s.w.f.CommonsRequestLoggingFilter      : Before request [GET /login]
2025-03-03T09:09:23.628+01:00 DEBUG 10656 --- [paymybuddy] [http-nio-8080-exec-1] o.s.w.f.CommonsRequestLoggingFilter      : REQUEST DATA: GET /login]
2025-03-03T09:09:23.661+01:00 DEBUG 10656 --- [paymybuddy] [http-nio-8080-exec-2] o.s.w.f.CommonsRequestLoggingFilter      : Before request [GET /css/style.css]
2025-03-03T09:09:23.679+01:00 DEBUG 10656 --- [paymybuddy] [http-nio-8080-exec-2] o.s.w.f.CommonsRequestLoggingFilter      : REQUEST DATA: GET /css/style.css]
2025-03-03T09:09:23.709+01:00 DEBUG 10656 --- [paymybuddy] [http-nio-8080-exec-4] o.s.w.f.CommonsRequestLoggingFilter      : Before request [GET /login]
2025-03-03T09:09:23.721+01:00 DEBUG 10656 --- [paymybuddy] [http-nio-8080-exec-4] o.s.w.f.CommonsRequestLoggingFilter      : REQUEST DATA: GET /login]
2025-03-03T09:09:29.356+01:00  INFO 10656 --- [paymybuddy] [http-nio-8080-exec-5] c.p.p.service.CustomUserDetailsService   : * Login attempt: {}quentin@example.com
2025-03-03T09:09:29.582+01:00  INFO 10656 --- [paymybuddy] [http-nio-8080-exec-5] c.p.p.service.CustomUserDetailsService   : * User found: {}quentin@example.com
2025-03-03T09:09:29.670+01:00 DEBUG 10656 --- [paymybuddy] [http-nio-8080-exec-6] o.s.w.f.CommonsRequestLoggingFilter      : Before request [GET /user/profile]
2025-03-03T09:09:29.720+01:00 DEBUG 10656 --- [paymybuddy] [http-nio-8080-exec-6] o.s.w.f.CommonsRequestLoggingFilter      : REQUEST DATA: GET /user/profile]
2025-03-03T09:09:29.745+01:00 DEBUG 10656 --- [paymybuddy] [http-nio-8080-exec-7] o.s.w.f.CommonsRequestLoggingFilter      : Before request [GET /css/style.css]
2025-03-03T09:09:29.747+01:00 DEBUG 10656 --- [paymybuddy] [http-nio-8080-exec-7] o.s.w.f.CommonsRequestLoggingFilter      : REQUEST DATA: GET /css/style.css]
2025-03-03T09:09:29.801+01:00 DEBUG 10656 --- [paymybuddy] [http-nio-8080-exec-10] o.s.w.f.CommonsRequestLoggingFilter      : Before request [GET /favicon.ico]
2025-03-03T09:09:29.809+01:00 DEBUG 10656 --- [paymybuddy] [http-nio-8080-exec-10] o.s.w.f.CommonsRequestLoggingFilter      : REQUEST DATA: GET /favicon.ico]
2025-03-03T09:10:31.906+01:00 DEBUG 10656 --- [paymybuddy] [http-nio-8080-exec-1] o.s.w.f.CommonsRequestLoggingFilter      : Before request [GET /user/transfer]
2025-03-03T09:10:32.093+01:00 DEBUG 10656 --- [paymybuddy] [http-nio-8080-exec-1] o.s.w.f.CommonsRequestLoggingFilter      : REQUEST DATA: GET /user/transfer]
2025-03-03T09:10:32.124+01:00 DEBUG 10656 --- [paymybuddy] [http-nio-8080-exec-2] o.s.w.f.CommonsRequestLoggingFilter      : Before request [GET /css/style.css]
2025-03-03T09:10:32.129+01:00 DEBUG 10656 --- [paymybuddy] [http-nio-8080-exec-2] o.s.w.f.CommonsRequestLoggingFilter      : REQUEST DATA: GET /css/style.css]
2025-03-03T09:10:52.223+01:00 DEBUG 10656 --- [paymybuddy] [http-nio-8080-exec-3] o.s.w.f.CommonsRequestLoggingFilter      : Before request [POST /user/transfer]
2025-03-03T09:10:52.277+01:00  INFO 10656 --- [paymybuddy] [http-nio-8080-exec-3] c.p.paymybuddy.service.BalanceService    : *** Balance updated: BalanceOperationDTO[userEmail=quentin@example.com, amount=1], false.
2025-03-03T09:10:52.329+01:00  INFO 10656 --- [paymybuddy] [http-nio-8080-exec-3] c.p.paymybuddy.service.BalanceService    : *** Balance updated: BalanceOperationDTO[userEmail=tomi@example.com, amount=1], true.
2025-03-03T09:10:52.362+01:00  INFO 10656 --- [paymybuddy] [http-nio-8080-exec-3] c.p.p.service.TransactionService         : *** Transaction saved: Transaction{id=22, sender=quentin, receiver=tomi, amount=1, fee=0, description='', dateCreated=2025-03-03T09:10:52.329231300}
2025-03-03T09:10:52.394+01:00 DEBUG 10656 --- [paymybuddy] [http-nio-8080-exec-3] o.s.w.f.CommonsRequestLoggingFilter      : REQUEST DATA: POST /user/transfer, payload=_csrf=XZoCx2tkL-mcQKiMrjXkOjbqQvQsFZZIWIj9d2XtWw4z9qYravln9w1cHIuxIZm9lxjQDAHbb5Yeca9laevEFFbbb2sEwZ8d&buddy=tomi%40example.com&description=&amount=1]
2025-03-03T09:10:52.394+01:00 DEBUG 10656 --- [paymybuddy] [http-nio-8080-exec-4] o.s.w.f.CommonsRequestLoggingFilter      : Before request [GET /user/transfer]
2025-03-03T09:10:52.462+01:00 DEBUG 10656 --- [paymybuddy] [http-nio-8080-exec-4] o.s.w.f.CommonsRequestLoggingFilter      : REQUEST DATA: GET /user/transfer]
2025-03-03T09:10:52.480+01:00 DEBUG 10656 --- [paymybuddy] [http-nio-8080-exec-5] o.s.w.f.CommonsRequestLoggingFilter      : Before request [GET /css/style.css]
2025-03-03T09:10:52.486+01:00 DEBUG 10656 --- [paymybuddy] [http-nio-8080-exec-5] o.s.w.f.CommonsRequestLoggingFilter      : REQUEST DATA: GET /css/style.css]
2025-03-03T09:16:47.711+01:00 DEBUG 10656 --- [paymybuddy] [http-nio-8080-exec-10] o.s.w.f.CommonsRequestLoggingFilter      : Before request [GET /user/profile]
2025-03-03T09:16:47.732+01:00 DEBUG 10656 --- [paymybuddy] [http-nio-8080-exec-10] o.s.w.f.CommonsRequestLoggingFilter      : REQUEST DATA: GET /user/profile]
2025-03-03T09:16:47.749+01:00 DEBUG 10656 --- [paymybuddy] [http-nio-8080-exec-9] o.s.w.f.CommonsRequestLoggingFilter      : Before request [GET /css/style.css]
2025-03-03T09:16:47.753+01:00 DEBUG 10656 --- [paymybuddy] [http-nio-8080-exec-9] o.s.w.f.CommonsRequestLoggingFilter      : REQUEST DATA: GET /css/style.css]
2025-03-03T09:16:49.138+01:00 DEBUG 10656 --- [paymybuddy] [http-nio-8080-exec-8] o.s.w.f.CommonsRequestLoggingFilter      : Before request [GET /user/profile/edit]
2025-03-03T09:16:49.159+01:00 DEBUG 10656 --- [paymybuddy] [http-nio-8080-exec-8] o.s.w.f.CommonsRequestLoggingFilter      : REQUEST DATA: GET /user/profile/edit]
2025-03-03T09:16:49.174+01:00 DEBUG 10656 --- [paymybuddy] [http-nio-8080-exec-1] o.s.w.f.CommonsRequestLoggingFilter      : Before request [GET /css/style.css]
2025-03-03T09:16:49.177+01:00 DEBUG 10656 --- [paymybuddy] [http-nio-8080-exec-1] o.s.w.f.CommonsRequestLoggingFilter      : REQUEST DATA: GET /css/style.css]
2025-03-03T09:16:51.659+01:00 DEBUG 10656 --- [paymybuddy] [http-nio-8080-exec-2] o.s.w.f.CommonsRequestLoggingFilter      : Before request [GET /user/deposit]
2025-03-03T09:16:51.683+01:00 DEBUG 10656 --- [paymybuddy] [http-nio-8080-exec-2] o.s.w.f.CommonsRequestLoggingFilter      : REQUEST DATA: GET /user/deposit]
2025-03-03T09:16:51.696+01:00 DEBUG 10656 --- [paymybuddy] [http-nio-8080-exec-3] o.s.w.f.CommonsRequestLoggingFilter      : Before request [GET /css/style.css]
2025-03-03T09:16:51.699+01:00 DEBUG 10656 --- [paymybuddy] [http-nio-8080-exec-3] o.s.w.f.CommonsRequestLoggingFilter      : REQUEST DATA: GET /css/style.css]
2025-03-03T09:19:05.660+01:00 DEBUG 10656 --- [paymybuddy] [http-nio-8080-exec-6] o.s.w.f.CommonsRequestLoggingFilter      : Before request [GET /user/deposit]
2025-03-03T09:19:05.660+01:00 DEBUG 10656 --- [paymybuddy] [http-nio-8080-exec-6] o.s.w.f.CommonsRequestLoggingFilter      : REQUEST DATA: GET /user/deposit]
2025-03-03T09:19:05.690+01:00 DEBUG 10656 --- [paymybuddy] [http-nio-8080-exec-7] o.s.w.f.CommonsRequestLoggingFilter      : Before request [GET /css/style.css]
2025-03-03T09:19:05.695+01:00 DEBUG 10656 --- [paymybuddy] [http-nio-8080-exec-7] o.s.w.f.CommonsRequestLoggingFilter      : REQUEST DATA: GET /css/style.css]
2025-03-03T09:20:40.733+01:00 DEBUG 10656 --- [paymybuddy] [http-nio-8080-exec-8] o.s.w.f.CommonsRequestLoggingFilter      : Before request [GET /user/relation]
2025-03-03T09:20:40.779+01:00 DEBUG 10656 --- [paymybuddy] [http-nio-8080-exec-8] o.s.w.f.CommonsRequestLoggingFilter      : REQUEST DATA: GET /user/relation]
2025-03-03T09:20:40.792+01:00 DEBUG 10656 --- [paymybuddy] [http-nio-8080-exec-1] o.s.w.f.CommonsRequestLoggingFilter      : Before request [GET /css/style.css]
2025-03-03T09:20:40.799+01:00 DEBUG 10656 --- [paymybuddy] [http-nio-8080-exec-1] o.s.w.f.CommonsRequestLoggingFilter      : REQUEST DATA: GET /css/style.css]
2025-03-03T09:20:43.114+01:00 DEBUG 10656 --- [paymybuddy] [http-nio-8080-exec-2] o.s.w.f.CommonsRequestLoggingFilter      : Before request [GET /user/profile]
2025-03-03T09:20:43.127+01:00 DEBUG 10656 --- [paymybuddy] [http-nio-8080-exec-2] o.s.w.f.CommonsRequestLoggingFilter      : REQUEST DATA: GET /user/profile]
2025-03-03T09:20:43.140+01:00 DEBUG 10656 --- [paymybuddy] [http-nio-8080-exec-3] o.s.w.f.CommonsRequestLoggingFilter      : Before request [GET /css/style.css]
2025-03-03T09:20:43.140+01:00 DEBUG 10656 --- [paymybuddy] [http-nio-8080-exec-3] o.s.w.f.CommonsRequestLoggingFilter      : REQUEST DATA: GET /css/style.css]
2025-03-03T09:20:44.219+01:00 DEBUG 10656 --- [paymybuddy] [http-nio-8080-exec-4] o.s.w.f.CommonsRequestLoggingFilter      : Before request [GET /user/transfer]
2025-03-03T09:20:44.253+01:00 DEBUG 10656 --- [paymybuddy] [http-nio-8080-exec-4] o.s.w.f.CommonsRequestLoggingFilter      : REQUEST DATA: GET /user/transfer]
2025-03-03T09:20:44.276+01:00 DEBUG 10656 --- [paymybuddy] [http-nio-8080-exec-5] o.s.w.f.CommonsRequestLoggingFilter      : Before request [GET /css/style.css]
2025-03-03T09:20:44.276+01:00 DEBUG 10656 --- [paymybuddy] [http-nio-8080-exec-5] o.s.w.f.CommonsRequestLoggingFilter      : REQUEST DATA: GET /css/style.css]
2025-03-03T09:20:45.042+01:00 DEBUG 10656 --- [paymybuddy] [http-nio-8080-exec-6] o.s.w.f.CommonsRequestLoggingFilter      : Before request [GET /user/profile]
2025-03-03T09:20:45.056+01:00 DEBUG 10656 --- [paymybuddy] [http-nio-8080-exec-6] o.s.w.f.CommonsRequestLoggingFilter      : REQUEST DATA: GET /user/profile]
2025-03-03T09:20:45.066+01:00 DEBUG 10656 --- [paymybuddy] [http-nio-8080-exec-7] o.s.w.f.CommonsRequestLoggingFilter      : Before request [GET /css/style.css]
2025-03-03T09:20:45.073+01:00 DEBUG 10656 --- [paymybuddy] [http-nio-8080-exec-7] o.s.w.f.CommonsRequestLoggingFilter      : REQUEST DATA: GET /css/style.css]
2025-03-03T09:20:46.114+01:00 DEBUG 10656 --- [paymybuddy] [http-nio-8080-exec-10] o.s.w.f.CommonsRequestLoggingFilter      : Before request [GET /user/relation]
2025-03-03T09:20:46.132+01:00 DEBUG 10656 --- [paymybuddy] [http-nio-8080-exec-10] o.s.w.f.CommonsRequestLoggingFilter      : REQUEST DATA: GET /user/relation]
2025-03-03T09:20:46.148+01:00 DEBUG 10656 --- [paymybuddy] [http-nio-8080-exec-9] o.s.w.f.CommonsRequestLoggingFilter      : Before request [GET /css/style.css]
2025-03-03T09:20:46.151+01:00 DEBUG 10656 --- [paymybuddy] [http-nio-8080-exec-9] o.s.w.f.CommonsRequestLoggingFilter      : REQUEST DATA: GET /css/style.css]
2025-03-03T09:21:15.245+01:00 DEBUG 10656 --- [paymybuddy] [http-nio-8080-exec-8] o.s.w.f.CommonsRequestLoggingFilter      : Before request [GET /user/relation]
2025-03-03T09:21:15.271+01:00 DEBUG 10656 --- [paymybuddy] [http-nio-8080-exec-8] o.s.w.f.CommonsRequestLoggingFilter      : REQUEST DATA: GET /user/relation]
2025-03-03T09:21:15.283+01:00 DEBUG 10656 --- [paymybuddy] [http-nio-8080-exec-1] o.s.w.f.CommonsRequestLoggingFilter      : Before request [GET /css/style.css]
2025-03-03T09:21:15.283+01:00 DEBUG 10656 --- [paymybuddy] [http-nio-8080-exec-1] o.s.w.f.CommonsRequestLoggingFilter      : REQUEST DATA: GET /css/style.css]
2025-03-03T09:21:40.462+01:00 DEBUG 10656 --- [paymybuddy] [http-nio-8080-exec-2] o.s.w.f.CommonsRequestLoggingFilter      : Before request [GET /user/relation]
2025-03-03T09:21:40.478+01:00 DEBUG 10656 --- [paymybuddy] [http-nio-8080-exec-2] o.s.w.f.CommonsRequestLoggingFilter      : REQUEST DATA: GET /user/relation]
2025-03-03T09:21:40.496+01:00 DEBUG 10656 --- [paymybuddy] [http-nio-8080-exec-3] o.s.w.f.CommonsRequestLoggingFilter      : Before request [GET /css/style.css]
2025-03-03T09:21:40.502+01:00 DEBUG 10656 --- [paymybuddy] [http-nio-8080-exec-3] o.s.w.f.CommonsRequestLoggingFilter      : REQUEST DATA: GET /css/style.css]
2025-03-03T09:21:58.536+01:00 DEBUG 10656 --- [paymybuddy] [http-nio-8080-exec-6] o.s.w.f.CommonsRequestLoggingFilter      : Before request [GET /login?logout]
2025-03-03T09:21:58.541+01:00 DEBUG 10656 --- [paymybuddy] [http-nio-8080-exec-6] o.s.w.f.CommonsRequestLoggingFilter      : REQUEST DATA: GET /login?logout]
2025-03-03T09:21:58.553+01:00 DEBUG 10656 --- [paymybuddy] [http-nio-8080-exec-7] o.s.w.f.CommonsRequestLoggingFilter      : Before request [GET /css/style.css]
2025-03-03T09:21:58.556+01:00 DEBUG 10656 --- [paymybuddy] [http-nio-8080-exec-7] o.s.w.f.CommonsRequestLoggingFilter      : REQUEST DATA: GET /css/style.css]
2025-03-03T09:22:01.345+01:00 DEBUG 10656 --- [paymybuddy] [http-nio-8080-exec-10] o.s.w.f.CommonsRequestLoggingFilter      : Before request [GET /register]
2025-03-03T09:22:01.373+01:00 DEBUG 10656 --- [paymybuddy] [http-nio-8080-exec-10] o.s.w.f.CommonsRequestLoggingFilter      : REQUEST DATA: GET /register]
2025-03-03T09:22:01.390+01:00 DEBUG 10656 --- [paymybuddy] [http-nio-8080-exec-9] o.s.w.f.CommonsRequestLoggingFilter      : Before request [GET /css/style.css]
2025-03-03T09:22:01.396+01:00 DEBUG 10656 --- [paymybuddy] [http-nio-8080-exec-9] o.s.w.f.CommonsRequestLoggingFilter      : REQUEST DATA: GET /css/style.css]
2025-03-03T09:31:12.642+01:00 DEBUG 10656 --- [paymybuddy] [http-nio-8080-exec-2] o.s.w.f.CommonsRequestLoggingFilter      : Before request [POST /register]
2025-03-03T09:31:13.140+01:00 ERROR 10656 --- [paymybuddy] [http-nio-8080-exec-2] c.p.p.controller.RegistrationController  : Username already taken: ben
2025-03-03T09:31:13.147+01:00 DEBUG 10656 --- [paymybuddy] [http-nio-8080-exec-2] o.s.w.f.CommonsRequestLoggingFilter      : REQUEST DATA: POST /register, payload=_csrf=hXH1TPMBDBo3hlwv0h9Tn9gMEjQs6ESn31DLaCKqVTHUDJRZtRCRdJAyaS8atTgfsTJnqL1vP1VN3n2K7zWoX0HPYQm1aqRr&username=ben&email=a%40a.fr&password=123]
2025-03-03T09:31:13.163+01:00 DEBUG 10656 --- [paymybuddy] [http-nio-8080-exec-3] o.s.w.f.CommonsRequestLoggingFilter      : Before request [GET /css/style.css]
2025-03-03T09:31:13.169+01:00 DEBUG 10656 --- [paymybuddy] [http-nio-8080-exec-3] o.s.w.f.CommonsRequestLoggingFilter      : REQUEST DATA: GET /css/style.css]
2025-03-03T09:31:24.521+01:00 DEBUG 10656 --- [paymybuddy] [http-nio-8080-exec-4] o.s.w.f.CommonsRequestLoggingFilter      : Before request [POST /register]
2025-03-03T09:31:24.535+01:00 ERROR 10656 --- [paymybuddy] [http-nio-8080-exec-4] c.p.p.controller.RegistrationController  : Email already used: 123
2025-03-03T09:31:24.540+01:00 DEBUG 10656 --- [paymybuddy] [http-nio-8080-exec-4] o.s.w.f.CommonsRequestLoggingFilter      : REQUEST DATA: POST /register, payload=_csrf=XYcCaJX0bWoyijn7N0SJVBo49KnzmNKh3mC8YghKeFbewqt4beZmUPbHCF8fuV3LVGm9Y39b2ciSruuM7gXfVWsvTG6_pJtK&username=vbn&email=a%40a.fr&password=123]
2025-03-03T09:31:24.551+01:00 DEBUG 10656 --- [paymybuddy] [http-nio-8080-exec-5] o.s.w.f.CommonsRequestLoggingFilter      : Before request [GET /css/style.css]
2025-03-03T09:31:24.557+01:00 DEBUG 10656 --- [paymybuddy] [http-nio-8080-exec-5] o.s.w.f.CommonsRequestLoggingFilter      : REQUEST DATA: GET /css/style.css]
2025-03-03T09:31:35.599+01:00 DEBUG 10656 --- [paymybuddy] [http-nio-8080-exec-6] o.s.w.f.CommonsRequestLoggingFilter      : Before request [POST /register]
2025-03-03T09:31:35.608+01:00 ERROR 10656 --- [paymybuddy] [http-nio-8080-exec-6] c.p.p.controller.RegistrationController  : Validation errors: [Field error in object 'userDTO' on field 'email': rejected value []; codes [NotBlank.userDTO.email,NotBlank.email,NotBlank.java.lang.String,NotBlank]; arguments [org.springframework.context.support.DefaultMessageSourceResolvable: codes [userDTO.email,email]; arguments []; default message [email]]; default message [Email is required]]
2025-03-03T09:31:35.618+01:00 DEBUG 10656 --- [paymybuddy] [http-nio-8080-exec-6] o.s.w.f.CommonsRequestLoggingFilter      : REQUEST DATA: POST /register, payload=_csrf=4ErdTkKEEAOcIgRSmzwP7ColfzuZHcAteOEa9AwcvPMM4PoN0Cu5diG3dTaxEWBi-BE7209GUlr4K_kASIR5w295iMtthso_&username=vbn&email=&password=123]
2025-03-03T09:31:35.641+01:00 DEBUG 10656 --- [paymybuddy] [http-nio-8080-exec-7] o.s.w.f.CommonsRequestLoggingFilter      : Before request [GET /css/style.css]
2025-03-03T09:31:35.646+01:00 DEBUG 10656 --- [paymybuddy] [http-nio-8080-exec-7] o.s.w.f.CommonsRequestLoggingFilter      : REQUEST DATA: GET /css/style.css]
2025-03-03T09:31:43.157+01:00 DEBUG 10656 --- [paymybuddy] [http-nio-8080-exec-10] o.s.w.f.CommonsRequestLoggingFilter      : Before request [POST /register]
2025-03-03T09:31:43.164+01:00 ERROR 10656 --- [paymybuddy] [http-nio-8080-exec-10] c.p.p.controller.RegistrationController  : Validation errors: [Field error in object 'userDTO' on field 'password': rejected value []; codes [NotBlank.userDTO.password,NotBlank.password,NotBlank.java.lang.String,NotBlank]; arguments [org.springframework.context.support.DefaultMessageSourceResolvable: codes [userDTO.password,password]; arguments []; default message [password]]; default message [Password is required], Field error in object 'userDTO' on field 'password': rejected value []; codes [Size.userDTO.password,Size.password,Size.java.lang.String,Size]; arguments [org.springframework.context.support.DefaultMessageSourceResolvable: codes [userDTO.password,password]; arguments []; default message [password],2147483647,3]; default message [Password must be at least 3 characters], Field error in object 'userDTO' on field 'username': rejected value []; codes [Size.userDTO.username,Size.username,Size.java.lang.String,Size]; arguments [org.springframework.context.support.DefaultMessageSourceResolvable: codes [userDTO.username,username]; arguments []; default message [username],20,3]; default message [Username must be between 3 and 20 characters], Field error in object 'userDTO' on field 'username': rejected value []; codes [NotBlank.userDTO.username,NotBlank.username,NotBlank.java.lang.String,NotBlank]; arguments [org.springframework.context.support.DefaultMessageSourceResolvable: codes [userDTO.username,username]; arguments []; default message [username]]; default message [Username is required]]
2025-03-03T09:31:43.182+01:00 DEBUG 10656 --- [paymybuddy] [http-nio-8080-exec-10] o.s.w.f.CommonsRequestLoggingFilter      : REQUEST DATA: POST /register, payload=_csrf=0KB5RdJeA1AP8h4I4EcpL29wWIN1HswSciJoKrsyyJLPZgfi4MEdfbFtZmUiwXo4g2odGAoTdeIUKPU_QkcLHdhX_KquADfQ&username=&email=a%40a.fr&password=]
2025-03-03T09:31:43.192+01:00 DEBUG 10656 --- [paymybuddy] [http-nio-8080-exec-9] o.s.w.f.CommonsRequestLoggingFilter      : Before request [GET /css/style.css]
2025-03-03T09:31:43.198+01:00 DEBUG 10656 --- [paymybuddy] [http-nio-8080-exec-9] o.s.w.f.CommonsRequestLoggingFilter      : REQUEST DATA: GET /css/style.css]
2025-03-03T09:31:50.677+01:00 DEBUG 10656 --- [paymybuddy] [http-nio-8080-exec-8] o.s.w.f.CommonsRequestLoggingFilter      : Before request [POST /register]
2025-03-03T09:31:50.682+01:00 ERROR 10656 --- [paymybuddy] [http-nio-8080-exec-8] c.p.p.controller.RegistrationController  : Validation errors: [Field error in object 'userDTO' on field 'username': rejected value []; codes [Size.userDTO.username,Size.username,Size.java.lang.String,Size]; arguments [org.springframework.context.support.DefaultMessageSourceResolvable: codes [userDTO.username,username]; arguments []; default message [username],20,3]; default message [Username must be between 3 and 20 characters], Field error in object 'userDTO' on field 'username': rejected value []; codes [NotBlank.userDTO.username,NotBlank.username,NotBlank.java.lang.String,NotBlank]; arguments [org.springframework.context.support.DefaultMessageSourceResolvable: codes [userDTO.username,username]; arguments []; default message [username]]; default message [Username is required]]
2025-03-03T09:31:50.696+01:00 DEBUG 10656 --- [paymybuddy] [http-nio-8080-exec-8] o.s.w.f.CommonsRequestLoggingFilter      : REQUEST DATA: POST /register, payload=_csrf=pGbs78pXRNVXH8b0NASTBE1I-lLCIM33KSZgPnxHqjZj_CAnlAeI16lkIeB6LKLEVymnMygr1zOjFvTaGUMDCR8ing4CmhAV&username=&email=a%40a.fr&password=123]
2025-03-03T09:31:50.715+01:00 DEBUG 10656 --- [paymybuddy] [http-nio-8080-exec-1] o.s.w.f.CommonsRequestLoggingFilter      : Before request [GET /css/style.css]
2025-03-03T09:31:50.720+01:00 DEBUG 10656 --- [paymybuddy] [http-nio-8080-exec-1] o.s.w.f.CommonsRequestLoggingFilter      : REQUEST DATA: GET /css/style.css]
2025-03-03T09:31:54.213+01:00 DEBUG 10656 --- [paymybuddy] [http-nio-8080-exec-2] o.s.w.f.CommonsRequestLoggingFilter      : Before request [POST /register]
2025-03-03T09:31:54.218+01:00 ERROR 10656 --- [paymybuddy] [http-nio-8080-exec-2] c.p.p.controller.RegistrationController  : Validation errors: [Field error in object 'userDTO' on field 'username': rejected value []; codes [Size.userDTO.username,Size.username,Size.java.lang.String,Size]; arguments [org.springframework.context.support.DefaultMessageSourceResolvable: codes [userDTO.username,username]; arguments []; default message [username],20,3]; default message [Username must be between 3 and 20 characters], Field error in object 'userDTO' on field 'username': rejected value []; codes [NotBlank.userDTO.username,NotBlank.username,NotBlank.java.lang.String,NotBlank]; arguments [org.springframework.context.support.DefaultMessageSourceResolvable: codes [userDTO.username,username]; arguments []; default message [username]]; default message [Username is required]]
2025-03-03T09:31:54.227+01:00 DEBUG 10656 --- [paymybuddy] [http-nio-8080-exec-2] o.s.w.f.CommonsRequestLoggingFilter      : REQUEST DATA: POST /register, payload=_csrf=RcEDA2_CYGRDn69FqhKiPTH763OPnEQzu56mVSCSTJp8elspdaBnOwzxBVFurMt1yT-WClSYxhLuqn0ei_vFYkP3eKIdHGsb&username=&email=a%40a.fr&password=123]
2025-03-03T09:31:54.240+01:00 DEBUG 10656 --- [paymybuddy] [http-nio-8080-exec-3] o.s.w.f.CommonsRequestLoggingFilter      : Before request [GET /css/style.css]
2025-03-03T09:31:54.245+01:00 DEBUG 10656 --- [paymybuddy] [http-nio-8080-exec-3] o.s.w.f.CommonsRequestLoggingFilter      : REQUEST DATA: GET /css/style.css]
2025-03-03T09:31:59.709+01:00 DEBUG 10656 --- [paymybuddy] [http-nio-8080-exec-4] o.s.w.f.CommonsRequestLoggingFilter      : Before request [POST /register]
2025-03-03T09:31:59.713+01:00 ERROR 10656 --- [paymybuddy] [http-nio-8080-exec-4] c.p.p.controller.RegistrationController  : Validation errors: [Field error in object 'userDTO' on field 'username': rejected value []; codes [Size.userDTO.username,Size.username,Size.java.lang.String,Size]; arguments [org.springframework.context.support.DefaultMessageSourceResolvable: codes [userDTO.username,username]; arguments []; default message [username],20,3]; default message [Username must be between 3 and 20 characters], Field error in object 'userDTO' on field 'username': rejected value []; codes [NotBlank.userDTO.username,NotBlank.username,NotBlank.java.lang.String,NotBlank]; arguments [org.springframework.context.support.DefaultMessageSourceResolvable: codes [userDTO.username,username]; arguments []; default message [username]]; default message [Username is required], Field error in object 'userDTO' on field 'password': rejected value []; codes [NotBlank.userDTO.password,NotBlank.password,NotBlank.java.lang.String,NotBlank]; arguments [org.springframework.context.support.DefaultMessageSourceResolvable: codes [userDTO.password,password]; arguments []; default message [password]]; default message [Password is required], Field error in object 'userDTO' on field 'password': rejected value []; codes [Size.userDTO.password,Size.password,Size.java.lang.String,Size]; arguments [org.springframework.context.support.DefaultMessageSourceResolvable: codes [userDTO.password,password]; arguments []; default message [password],2147483647,3]; default message [Password must be at least 3 characters]]
2025-03-03T09:31:59.730+01:00 DEBUG 10656 --- [paymybuddy] [http-nio-8080-exec-4] o.s.w.f.CommonsRequestLoggingFilter      : REQUEST DATA: POST /register, payload=_csrf=LVWJOpu_TgdzSYd351a8Exh0y0IrnCZSNufOPkIDzdskh9skHTTtAviMKzJeeuNHhHuIJH0X5iNKqh9_BoKtCSFm-eNF4esW&username=&email=a%40a.fr&password=]
2025-03-03T09:31:59.739+01:00 DEBUG 10656 --- [paymybuddy] [http-nio-8080-exec-5] o.s.w.f.CommonsRequestLoggingFilter      : Before request [GET /css/style.css]
2025-03-03T09:31:59.752+01:00 DEBUG 10656 --- [paymybuddy] [http-nio-8080-exec-5] o.s.w.f.CommonsRequestLoggingFilter      : REQUEST DATA: GET /css/style.css]
2025-03-03T09:32:00.615+01:00 DEBUG 10656 --- [paymybuddy] [http-nio-8080-exec-6] o.s.w.f.CommonsRequestLoggingFilter      : Before request [POST /register]
2025-03-03T09:32:00.621+01:00 ERROR 10656 --- [paymybuddy] [http-nio-8080-exec-6] c.p.p.controller.RegistrationController  : Validation errors: [Field error in object 'userDTO' on field 'username': rejected value []; codes [NotBlank.userDTO.username,NotBlank.username,NotBlank.java.lang.String,NotBlank]; arguments [org.springframework.context.support.DefaultMessageSourceResolvable: codes [userDTO.username,username]; arguments []; default message [username]]; default message [Username is required], Field error in object 'userDTO' on field 'password': rejected value []; codes [NotBlank.userDTO.password,NotBlank.password,NotBlank.java.lang.String,NotBlank]; arguments [org.springframework.context.support.DefaultMessageSourceResolvable: codes [userDTO.password,password]; arguments []; default message [password]]; default message [Password is required], Field error in object 'userDTO' on field 'username': rejected value []; codes [Size.userDTO.username,Size.username,Size.java.lang.String,Size]; arguments [org.springframework.context.support.DefaultMessageSourceResolvable: codes [userDTO.username,username]; arguments []; default message [username],20,3]; default message [Username must be between 3 and 20 characters], Field error in object 'userDTO' on field 'password': rejected value []; codes [Size.userDTO.password,Size.password,Size.java.lang.String,Size]; arguments [org.springframework.context.support.DefaultMessageSourceResolvable: codes [userDTO.password,password]; arguments []; default message [password],2147483647,3]; default message [Password must be at least 3 characters]]
2025-03-03T09:32:00.642+01:00 DEBUG 10656 --- [paymybuddy] [http-nio-8080-exec-6] o.s.w.f.CommonsRequestLoggingFilter      : REQUEST DATA: POST /register, payload=_csrf=cnnKkzmGjvvQ3OzbDSpH6NWt7fUwrjglYbZRhlg8I1mh39RDQhiuq1q1687974jrbgdz37DOwJRRmAEIUdMysTtZF2HAueRx&username=&email=a%40a.fr&password=]
2025-03-03T09:32:00.642+01:00 DEBUG 10656 --- [paymybuddy] [http-nio-8080-exec-7] o.s.w.f.CommonsRequestLoggingFilter      : Before request [GET /css/style.css]
2025-03-03T09:32:00.653+01:00 DEBUG 10656 --- [paymybuddy] [http-nio-8080-exec-7] o.s.w.f.CommonsRequestLoggingFilter      : REQUEST DATA: GET /css/style.css]
2025-03-03T09:32:25.357+01:00 DEBUG 10656 --- [paymybuddy] [http-nio-8080-exec-10] o.s.w.f.CommonsRequestLoggingFilter      : Before request [GET /login]
2025-03-03T09:32:25.365+01:00 DEBUG 10656 --- [paymybuddy] [http-nio-8080-exec-10] o.s.w.f.CommonsRequestLoggingFilter      : REQUEST DATA: GET /login]
2025-03-03T09:32:25.385+01:00 DEBUG 10656 --- [paymybuddy] [http-nio-8080-exec-9] o.s.w.f.CommonsRequestLoggingFilter      : Before request [GET /css/style.css]
2025-03-03T09:32:25.388+01:00 DEBUG 10656 --- [paymybuddy] [http-nio-8080-exec-9] o.s.w.f.CommonsRequestLoggingFilter      : REQUEST DATA: GET /css/style.css]
2025-03-03T09:32:30.710+01:00  INFO 10656 --- [paymybuddy] [http-nio-8080-exec-8] c.p.p.service.CustomUserDetailsService   : * Login attempt: {}tomi@example.com
2025-03-03T09:32:30.717+01:00  INFO 10656 --- [paymybuddy] [http-nio-8080-exec-8] c.p.p.service.CustomUserDetailsService   : * User found: {}tomi@example.com
2025-03-03T09:32:30.812+01:00 DEBUG 10656 --- [paymybuddy] [http-nio-8080-exec-1] o.s.w.f.CommonsRequestLoggingFilter      : Before request [GET /user/profile]
2025-03-03T09:32:30.825+01:00 DEBUG 10656 --- [paymybuddy] [http-nio-8080-exec-1] o.s.w.f.CommonsRequestLoggingFilter      : REQUEST DATA: GET /user/profile]
2025-03-03T09:32:30.840+01:00 DEBUG 10656 --- [paymybuddy] [http-nio-8080-exec-2] o.s.w.f.CommonsRequestLoggingFilter      : Before request [GET /css/style.css]
2025-03-03T09:32:30.847+01:00 DEBUG 10656 --- [paymybuddy] [http-nio-8080-exec-2] o.s.w.f.CommonsRequestLoggingFilter      : REQUEST DATA: GET /css/style.css]
2025-03-03T09:32:33.453+01:00 DEBUG 10656 --- [paymybuddy] [http-nio-8080-exec-3] o.s.w.f.CommonsRequestLoggingFilter      : Before request [GET /user/profile/edit]
2025-03-03T09:32:33.467+01:00 DEBUG 10656 --- [paymybuddy] [http-nio-8080-exec-3] o.s.w.f.CommonsRequestLoggingFilter      : REQUEST DATA: GET /user/profile/edit]
2025-03-03T09:32:33.481+01:00 DEBUG 10656 --- [paymybuddy] [http-nio-8080-exec-4] o.s.w.f.CommonsRequestLoggingFilter      : Before request [GET /css/style.css]
2025-03-03T09:32:33.486+01:00 DEBUG 10656 --- [paymybuddy] [http-nio-8080-exec-4] o.s.w.f.CommonsRequestLoggingFilter      : REQUEST DATA: GET /css/style.css]
2025-03-03T09:37:48.316+01:00  INFO 10656 --- [paymybuddy] [File Watcher] rtingClassPathChangeChangedEventListener : Restarting due to 1 class path change (0 additions, 0 deletions, 1 modification)
2025-03-03T09:37:48.339+01:00  INFO 10656 --- [paymybuddy] [Thread-5] o.s.b.w.e.tomcat.GracefulShutdown        : Commencing graceful shutdown. Waiting for active requests to complete
2025-03-03T09:37:48.349+01:00  INFO 10656 --- [paymybuddy] [tomcat-shutdown] o.s.b.w.e.tomcat.GracefulShutdown        : Graceful shutdown complete
2025-03-03T09:37:48.358+01:00  INFO 10656 --- [paymybuddy] [Thread-5] j.LocalContainerEntityManagerFactoryBean : Closing JPA EntityManagerFactory for persistence unit 'default'
2025-03-03T09:37:48.370+01:00  INFO 10656 --- [paymybuddy] [Thread-5] com.zaxxer.hikari.HikariDataSource       : HikariPool-1 - Shutdown initiated...
2025-03-03T09:37:48.370+01:00  INFO 10656 --- [paymybuddy] [Thread-5] com.zaxxer.hikari.HikariDataSource       : HikariPool-1 - Shutdown completed.
2025-03-03T09:37:48.524+01:00  INFO 10656 --- [paymybuddy] [restartedMain] c.p.paymybuddy.PaymybuddyApplication     : Starting PaymybuddyApplication using Java 21.0.5 with PID 10656 (C:\Users\gbujon\Desktop\PayMyBuddy\target\classes started by gbujon in C:\Users\gbujon\Desktop\PayMyBuddy)
2025-03-03T09:37:48.525+01:00  INFO 10656 --- [paymybuddy] [restartedMain] c.p.paymybuddy.PaymybuddyApplication     : No active profile set, falling back to 1 default profile: "default"
2025-03-03T09:37:48.921+01:00  INFO 10656 --- [paymybuddy] [restartedMain] .s.d.r.c.RepositoryConfigurationDelegate : Bootstrapping Spring Data JPA repositories in DEFAULT mode.
2025-03-03T09:37:48.936+01:00  INFO 10656 --- [paymybuddy] [restartedMain] .s.d.r.c.RepositoryConfigurationDelegate : Finished Spring Data repository scanning in 19 ms. Found 2 JPA repository interfaces.
2025-03-03T09:37:49.164+01:00  INFO 10656 --- [paymybuddy] [restartedMain] o.s.b.w.embedded.tomcat.TomcatWebServer  : Tomcat initialized with port 8080 (http)
2025-03-03T09:37:49.164+01:00  INFO 10656 --- [paymybuddy] [restartedMain] o.apache.catalina.core.StandardService   : Starting service [Tomcat]
2025-03-03T09:37:49.164+01:00  INFO 10656 --- [paymybuddy] [restartedMain] o.apache.catalina.core.StandardEngine    : Starting Servlet engine: [Apache Tomcat/10.1.34]
2025-03-03T09:37:49.187+01:00  INFO 10656 --- [paymybuddy] [restartedMain] o.a.c.c.C.[Tomcat].[localhost].[/]       : Initializing Spring embedded WebApplicationContext
2025-03-03T09:37:49.187+01:00  INFO 10656 --- [paymybuddy] [restartedMain] w.s.c.ServletWebServerApplicationContext : Root WebApplicationContext: initialization completed in 659 ms
2025-03-03T09:37:49.224+01:00 DEBUG 10656 --- [paymybuddy] [restartedMain] o.s.w.f.CommonsRequestLoggingFilter      : Filter 'logFilter' configured for use
2025-03-03T09:37:49.254+01:00  INFO 10656 --- [paymybuddy] [restartedMain] o.hibernate.jpa.internal.util.LogHelper  : HHH000204: Processing PersistenceUnitInfo [name: default]
2025-03-03T09:37:49.254+01:00  INFO 10656 --- [paymybuddy] [restartedMain] o.h.c.internal.RegionFactoryInitiator    : HHH000026: Second-level cache disabled
2025-03-03T09:37:49.287+01:00  INFO 10656 --- [paymybuddy] [restartedMain] o.s.o.j.p.SpringPersistenceUnitInfo      : No LoadTimeWeaver setup: ignoring JPA class transformer
2025-03-03T09:37:49.287+01:00  INFO 10656 --- [paymybuddy] [restartedMain] com.zaxxer.hikari.HikariDataSource       : HikariPool-2 - Starting...
2025-03-03T09:37:49.287+01:00  INFO 10656 --- [paymybuddy] [restartedMain] com.zaxxer.hikari.pool.HikariPool        : HikariPool-2 - Added connection com.mysql.cj.jdbc.ConnectionImpl@2a8a719a
2025-03-03T09:37:49.287+01:00  INFO 10656 --- [paymybuddy] [restartedMain] com.zaxxer.hikari.HikariDataSource       : HikariPool-2 - Start completed.
2025-03-03T09:37:49.287+01:00  WARN 10656 --- [paymybuddy] [restartedMain] org.hibernate.orm.deprecation            : HHH90000025: MySQL8Dialect does not need to be specified explicitly using 'hibernate.dialect' (remove the property setting and it will be selected by default)
2025-03-03T09:37:49.303+01:00  WARN 10656 --- [paymybuddy] [restartedMain] org.hibernate.orm.deprecation            : HHH90000026: MySQL8Dialect has been deprecated; use org.hibernate.dialect.MySQLDialect instead
2025-03-03T09:37:49.304+01:00  INFO 10656 --- [paymybuddy] [restartedMain] org.hibernate.orm.connections.pooling    : HHH10001005: Database info:
	Database JDBC URL [Connecting through datasource 'HikariDataSource (HikariPool-2)']
	Database driver: undefined/unknown
	Database version: 8.0
	Autocommit mode: undefined/unknown
	Isolation level: undefined/unknown
	Minimum pool size: undefined/unknown
	Maximum pool size: undefined/unknown
2025-03-03T09:37:49.403+01:00  INFO 10656 --- [paymybuddy] [restartedMain] o.h.e.t.j.p.i.JtaPlatformInitiator       : HHH000489: No JTA platform available (set 'hibernate.transaction.jta.platform' to enable JTA platform integration)
2025-03-03T09:37:49.438+01:00  INFO 10656 --- [paymybuddy] [restartedMain] j.LocalContainerEntityManagerFactoryBean : Initialized JPA EntityManagerFactory for persistence unit 'default'
2025-03-03T09:37:49.587+01:00  WARN 10656 --- [paymybuddy] [restartedMain] JpaBaseConfiguration$JpaWebConfiguration : spring.jpa.open-in-view is enabled by default. Therefore, database queries may be performed during view rendering. Explicitly configure spring.jpa.open-in-view to disable this warning
2025-03-03T09:37:49.609+01:00  INFO 10656 --- [paymybuddy] [restartedMain] r$InitializeUserDetailsManagerConfigurer : Global AuthenticationManager configured with UserDetailsService bean with name customUserDetailsService
2025-03-03T09:37:49.737+01:00  INFO 10656 --- [paymybuddy] [restartedMain] o.s.b.d.a.OptionalLiveReloadServer       : LiveReload server is running on port 35729
2025-03-03T09:37:49.755+01:00  INFO 10656 --- [paymybuddy] [restartedMain] o.s.b.w.embedded.tomcat.TomcatWebServer  : Tomcat started on port 8080 (http) with context path '/'
2025-03-03T09:37:49.755+01:00  INFO 10656 --- [paymybuddy] [restartedMain] c.p.paymybuddy.PaymybuddyApplication     : Started PaymybuddyApplication in 1.269 seconds (process running for 1970.841)
2025-03-03T09:37:49.755+01:00  INFO 10656 --- [paymybuddy] [restartedMain] .ConditionEvaluationDeltaLoggingListener : Condition evaluation unchanged
2025-03-03T09:38:42.420+01:00  INFO 10656 --- [paymybuddy] [File Watcher] rtingClassPathChangeChangedEventListener : Restarting due to 1 class path change (0 additions, 0 deletions, 1 modification)
2025-03-03T09:38:42.420+01:00  INFO 10656 --- [paymybuddy] [Thread-7] o.s.b.w.e.tomcat.GracefulShutdown        : Commencing graceful shutdown. Waiting for active requests to complete
2025-03-03T09:38:42.438+01:00  INFO 10656 --- [paymybuddy] [tomcat-shutdown] o.s.b.w.e.tomcat.GracefulShutdown        : Graceful shutdown complete
2025-03-03T09:38:42.439+01:00  INFO 10656 --- [paymybuddy] [Thread-7] j.LocalContainerEntityManagerFactoryBean : Closing JPA EntityManagerFactory for persistence unit 'default'
2025-03-03T09:38:42.439+01:00  INFO 10656 --- [paymybuddy] [Thread-7] com.zaxxer.hikari.HikariDataSource       : HikariPool-2 - Shutdown initiated...
2025-03-03T09:38:42.439+01:00  INFO 10656 --- [paymybuddy] [Thread-7] com.zaxxer.hikari.HikariDataSource       : HikariPool-2 - Shutdown completed.
2025-03-03T09:38:42.555+01:00  INFO 10656 --- [paymybuddy] [restartedMain] c.p.paymybuddy.PaymybuddyApplication     : Starting PaymybuddyApplication using Java 21.0.5 with PID 10656 (C:\Users\gbujon\Desktop\PayMyBuddy\target\classes started by gbujon in C:\Users\gbujon\Desktop\PayMyBuddy)
2025-03-03T09:38:42.555+01:00  INFO 10656 --- [paymybuddy] [restartedMain] c.p.paymybuddy.PaymybuddyApplication     : No active profile set, falling back to 1 default profile: "default"
2025-03-03T09:38:42.788+01:00  INFO 10656 --- [paymybuddy] [restartedMain] .s.d.r.c.RepositoryConfigurationDelegate : Bootstrapping Spring Data JPA repositories in DEFAULT mode.
2025-03-03T09:38:42.805+01:00  INFO 10656 --- [paymybuddy] [restartedMain] .s.d.r.c.RepositoryConfigurationDelegate : Finished Spring Data repository scanning in 13 ms. Found 2 JPA repository interfaces.
2025-03-03T09:38:42.955+01:00  INFO 10656 --- [paymybuddy] [restartedMain] o.s.b.w.embedded.tomcat.TomcatWebServer  : Tomcat initialized with port 8080 (http)
2025-03-03T09:38:42.957+01:00  INFO 10656 --- [paymybuddy] [restartedMain] o.apache.catalina.core.StandardService   : Starting service [Tomcat]
2025-03-03T09:38:42.957+01:00  INFO 10656 --- [paymybuddy] [restartedMain] o.apache.catalina.core.StandardEngine    : Starting Servlet engine: [Apache Tomcat/10.1.34]
2025-03-03T09:38:42.973+01:00  INFO 10656 --- [paymybuddy] [restartedMain] o.a.c.c.C.[Tomcat].[localhost].[/]       : Initializing Spring embedded WebApplicationContext
2025-03-03T09:38:42.974+01:00  INFO 10656 --- [paymybuddy] [restartedMain] w.s.c.ServletWebServerApplicationContext : Root WebApplicationContext: initialization completed in 419 ms
2025-03-03T09:38:43.008+01:00 DEBUG 10656 --- [paymybuddy] [restartedMain] o.s.w.f.CommonsRequestLoggingFilter      : Filter 'logFilter' configured for use
2025-03-03T09:38:43.023+01:00  INFO 10656 --- [paymybuddy] [restartedMain] o.hibernate.jpa.internal.util.LogHelper  : HHH000204: Processing PersistenceUnitInfo [name: default]
2025-03-03T09:38:43.023+01:00  INFO 10656 --- [paymybuddy] [restartedMain] o.h.c.internal.RegionFactoryInitiator    : HHH000026: Second-level cache disabled
2025-03-03T09:38:43.043+01:00  INFO 10656 --- [paymybuddy] [restartedMain] o.s.o.j.p.SpringPersistenceUnitInfo      : No LoadTimeWeaver setup: ignoring JPA class transformer
2025-03-03T09:38:43.043+01:00  INFO 10656 --- [paymybuddy] [restartedMain] com.zaxxer.hikari.HikariDataSource       : HikariPool-3 - Starting...
2025-03-03T09:38:43.053+01:00  INFO 10656 --- [paymybuddy] [restartedMain] com.zaxxer.hikari.pool.HikariPool        : HikariPool-3 - Added connection com.mysql.cj.jdbc.ConnectionImpl@54c27956
2025-03-03T09:38:43.053+01:00  INFO 10656 --- [paymybuddy] [restartedMain] com.zaxxer.hikari.HikariDataSource       : HikariPool-3 - Start completed.
2025-03-03T09:38:43.055+01:00  WARN 10656 --- [paymybuddy] [restartedMain] org.hibernate.orm.deprecation            : HHH90000025: MySQL8Dialect does not need to be specified explicitly using 'hibernate.dialect' (remove the property setting and it will be selected by default)
2025-03-03T09:38:43.056+01:00  WARN 10656 --- [paymybuddy] [restartedMain] org.hibernate.orm.deprecation            : HHH90000026: MySQL8Dialect has been deprecated; use org.hibernate.dialect.MySQLDialect instead
2025-03-03T09:38:43.058+01:00  INFO 10656 --- [paymybuddy] [restartedMain] org.hibernate.orm.connections.pooling    : HHH10001005: Database info:
	Database JDBC URL [Connecting through datasource 'HikariDataSource (HikariPool-3)']
	Database driver: undefined/unknown
	Database version: 8.0
	Autocommit mode: undefined/unknown
	Isolation level: undefined/unknown
	Minimum pool size: undefined/unknown
	Maximum pool size: undefined/unknown
2025-03-03T09:38:43.138+01:00  INFO 10656 --- [paymybuddy] [restartedMain] o.h.e.t.j.p.i.JtaPlatformInitiator       : HHH000489: No JTA platform available (set 'hibernate.transaction.jta.platform' to enable JTA platform integration)
2025-03-03T09:38:43.167+01:00  INFO 10656 --- [paymybuddy] [restartedMain] j.LocalContainerEntityManagerFactoryBean : Initialized JPA EntityManagerFactory for persistence unit 'default'
2025-03-03T09:38:43.260+01:00  WARN 10656 --- [paymybuddy] [restartedMain] JpaBaseConfiguration$JpaWebConfiguration : spring.jpa.open-in-view is enabled by default. Therefore, database queries may be performed during view rendering. Explicitly configure spring.jpa.open-in-view to disable this warning
2025-03-03T09:38:43.270+01:00  INFO 10656 --- [paymybuddy] [restartedMain] r$InitializeUserDetailsManagerConfigurer : Global AuthenticationManager configured with UserDetailsService bean with name customUserDetailsService
2025-03-03T09:38:43.389+01:00  INFO 10656 --- [paymybuddy] [restartedMain] o.s.b.d.a.OptionalLiveReloadServer       : LiveReload server is running on port 35729
2025-03-03T09:38:43.407+01:00  INFO 10656 --- [paymybuddy] [restartedMain] o.s.b.w.embedded.tomcat.TomcatWebServer  : Tomcat started on port 8080 (http) with context path '/'
2025-03-03T09:38:43.417+01:00  INFO 10656 --- [paymybuddy] [restartedMain] c.p.paymybuddy.PaymybuddyApplication     : Started PaymybuddyApplication in 0.896 seconds (process running for 2024.494)
2025-03-03T09:38:43.417+01:00  INFO 10656 --- [paymybuddy] [restartedMain] .ConditionEvaluationDeltaLoggingListener : Condition evaluation unchanged
2025-03-03T09:39:17.508+01:00  INFO 10656 --- [paymybuddy] [File Watcher] rtingClassPathChangeChangedEventListener : Restarting due to 1 class path change (0 additions, 1 deletion, 0 modifications)
2025-03-03T09:39:17.508+01:00  INFO 10656 --- [paymybuddy] [Thread-11] o.s.b.w.e.tomcat.GracefulShutdown        : Commencing graceful shutdown. Waiting for active requests to complete
2025-03-03T09:39:17.524+01:00  INFO 10656 --- [paymybuddy] [tomcat-shutdown] o.s.b.w.e.tomcat.GracefulShutdown        : Graceful shutdown complete
2025-03-03T09:39:17.524+01:00  INFO 10656 --- [paymybuddy] [Thread-11] j.LocalContainerEntityManagerFactoryBean : Closing JPA EntityManagerFactory for persistence unit 'default'
2025-03-03T09:39:17.524+01:00  INFO 10656 --- [paymybuddy] [Thread-11] com.zaxxer.hikari.HikariDataSource       : HikariPool-3 - Shutdown initiated...
2025-03-03T09:39:17.524+01:00  INFO 10656 --- [paymybuddy] [Thread-11] com.zaxxer.hikari.HikariDataSource       : HikariPool-3 - Shutdown completed.
2025-03-03T09:39:17.622+01:00  INFO 10656 --- [paymybuddy] [restartedMain] c.p.paymybuddy.PaymybuddyApplication     : Starting PaymybuddyApplication using Java 21.0.5 with PID 10656 (C:\Users\gbujon\Desktop\PayMyBuddy\target\classes started by gbujon in C:\Users\gbujon\Desktop\PayMyBuddy)
2025-03-03T09:39:17.622+01:00  INFO 10656 --- [paymybuddy] [restartedMain] c.p.paymybuddy.PaymybuddyApplication     : No active profile set, falling back to 1 default profile: "default"
2025-03-03T09:39:17.918+01:00  INFO 10656 --- [paymybuddy] [restartedMain] .s.d.r.c.RepositoryConfigurationDelegate : Bootstrapping Spring Data JPA repositories in DEFAULT mode.
2025-03-03T09:39:17.938+01:00  INFO 10656 --- [paymybuddy] [restartedMain] .s.d.r.c.RepositoryConfigurationDelegate : Finished Spring Data repository scanning in 18 ms. Found 2 JPA repository interfaces.
2025-03-03T09:39:18.081+01:00  INFO 10656 --- [paymybuddy] [restartedMain] o.s.b.w.embedded.tomcat.TomcatWebServer  : Tomcat initialized with port 8080 (http)
2025-03-03T09:39:18.082+01:00  INFO 10656 --- [paymybuddy] [restartedMain] o.apache.catalina.core.StandardService   : Starting service [Tomcat]
2025-03-03T09:39:18.082+01:00  INFO 10656 --- [paymybuddy] [restartedMain] o.apache.catalina.core.StandardEngine    : Starting Servlet engine: [Apache Tomcat/10.1.34]
2025-03-03T09:39:18.103+01:00  INFO 10656 --- [paymybuddy] [restartedMain] o.a.c.c.C.[Tomcat].[localhost].[/]       : Initializing Spring embedded WebApplicationContext
2025-03-03T09:39:18.104+01:00  INFO 10656 --- [paymybuddy] [restartedMain] w.s.c.ServletWebServerApplicationContext : Root WebApplicationContext: initialization completed in 482 ms
2025-03-03T09:39:18.120+01:00 DEBUG 10656 --- [paymybuddy] [restartedMain] o.s.w.f.CommonsRequestLoggingFilter      : Filter 'logFilter' configured for use
2025-03-03T09:39:18.155+01:00  INFO 10656 --- [paymybuddy] [restartedMain] o.hibernate.jpa.internal.util.LogHelper  : HHH000204: Processing PersistenceUnitInfo [name: default]
2025-03-03T09:39:18.162+01:00  INFO 10656 --- [paymybuddy] [restartedMain] o.h.c.internal.RegionFactoryInitiator    : HHH000026: Second-level cache disabled
2025-03-03T09:39:18.172+01:00  INFO 10656 --- [paymybuddy] [restartedMain] o.s.o.j.p.SpringPersistenceUnitInfo      : No LoadTimeWeaver setup: ignoring JPA class transformer
2025-03-03T09:39:18.177+01:00  INFO 10656 --- [paymybuddy] [restartedMain] com.zaxxer.hikari.HikariDataSource       : HikariPool-4 - Starting...
2025-03-03T09:39:18.181+01:00  INFO 10656 --- [paymybuddy] [restartedMain] com.zaxxer.hikari.pool.HikariPool        : HikariPool-4 - Added connection com.mysql.cj.jdbc.ConnectionImpl@59ab8218
2025-03-03T09:39:18.182+01:00  INFO 10656 --- [paymybuddy] [restartedMain] com.zaxxer.hikari.HikariDataSource       : HikariPool-4 - Start completed.
2025-03-03T09:39:18.183+01:00  WARN 10656 --- [paymybuddy] [restartedMain] org.hibernate.orm.deprecation            : HHH90000025: MySQL8Dialect does not need to be specified explicitly using 'hibernate.dialect' (remove the property setting and it will be selected by default)
2025-03-03T09:39:18.183+01:00  WARN 10656 --- [paymybuddy] [restartedMain] org.hibernate.orm.deprecation            : HHH90000026: MySQL8Dialect has been deprecated; use org.hibernate.dialect.MySQLDialect instead
2025-03-03T09:39:18.183+01:00  INFO 10656 --- [paymybuddy] [restartedMain] org.hibernate.orm.connections.pooling    : HHH10001005: Database info:
	Database JDBC URL [Connecting through datasource 'HikariDataSource (HikariPool-4)']
	Database driver: undefined/unknown
	Database version: 8.0
	Autocommit mode: undefined/unknown
	Isolation level: undefined/unknown
	Minimum pool size: undefined/unknown
	Maximum pool size: undefined/unknown
2025-03-03T09:39:18.258+01:00  INFO 10656 --- [paymybuddy] [restartedMain] o.h.e.t.j.p.i.JtaPlatformInitiator       : HHH000489: No JTA platform available (set 'hibernate.transaction.jta.platform' to enable JTA platform integration)
2025-03-03T09:39:18.284+01:00  INFO 10656 --- [paymybuddy] [restartedMain] j.LocalContainerEntityManagerFactoryBean : Initialized JPA EntityManagerFactory for persistence unit 'default'
2025-03-03T09:39:18.387+01:00  WARN 10656 --- [paymybuddy] [restartedMain] JpaBaseConfiguration$JpaWebConfiguration : spring.jpa.open-in-view is enabled by default. Therefore, database queries may be performed during view rendering. Explicitly configure spring.jpa.open-in-view to disable this warning
2025-03-03T09:39:18.393+01:00  INFO 10656 --- [paymybuddy] [restartedMain] r$InitializeUserDetailsManagerConfigurer : Global AuthenticationManager configured with UserDetailsService bean with name customUserDetailsService
2025-03-03T09:39:18.516+01:00  INFO 10656 --- [paymybuddy] [restartedMain] o.s.b.d.a.OptionalLiveReloadServer       : LiveReload server is running on port 35729
2025-03-03T09:39:18.522+01:00  INFO 10656 --- [paymybuddy] [restartedMain] o.s.b.w.embedded.tomcat.TomcatWebServer  : Tomcat started on port 8080 (http) with context path '/'
2025-03-03T09:39:18.527+01:00  INFO 10656 --- [paymybuddy] [restartedMain] c.p.paymybuddy.PaymybuddyApplication     : Started PaymybuddyApplication in 0.938 seconds (process running for 2059.603)
2025-03-03T09:39:18.528+01:00  INFO 10656 --- [paymybuddy] [restartedMain] .ConditionEvaluationDeltaLoggingListener : Condition evaluation unchanged
2025-03-03T09:39:20.572+01:00  INFO 10656 --- [paymybuddy] [http-nio-8080-exec-1] o.a.c.c.C.[Tomcat].[localhost].[/]       : Initializing Spring DispatcherServlet 'dispatcherServlet'
2025-03-03T09:39:20.574+01:00  INFO 10656 --- [paymybuddy] [http-nio-8080-exec-1] o.s.web.servlet.DispatcherServlet        : Initializing Servlet 'dispatcherServlet'
2025-03-03T09:39:20.579+01:00  INFO 10656 --- [paymybuddy] [http-nio-8080-exec-1] o.s.web.servlet.DispatcherServlet        : Completed initialization in 2 ms
2025-03-03T09:39:20.588+01:00 DEBUG 10656 --- [paymybuddy] [http-nio-8080-exec-1] o.s.w.f.CommonsRequestLoggingFilter      : Before request [GET /user/relation]
2025-03-03T09:39:20.664+01:00 DEBUG 10656 --- [paymybuddy] [http-nio-8080-exec-1] o.s.w.f.CommonsRequestLoggingFilter      : REQUEST DATA: GET /user/relation]
2025-03-03T09:39:20.689+01:00 DEBUG 10656 --- [paymybuddy] [http-nio-8080-exec-2] o.s.w.f.CommonsRequestLoggingFilter      : Before request [GET /css/style.css]
2025-03-03T09:39:20.719+01:00 DEBUG 10656 --- [paymybuddy] [http-nio-8080-exec-2] o.s.w.f.CommonsRequestLoggingFilter      : REQUEST DATA: GET /css/style.css]
2025-03-03T09:39:24.488+01:00 DEBUG 10656 --- [paymybuddy] [http-nio-8080-exec-3] o.s.w.f.CommonsRequestLoggingFilter      : Before request [DELETE /user/relation/2]
2025-03-03T09:39:24.510+01:00  INFO 10656 --- [paymybuddy] [http-nio-8080-exec-3] c.p.paymybuddy.service.UserService       : *** Buddy quentin@example.com removed from tomi@example.com 's list
2025-03-03T09:39:24.520+01:00 DEBUG 10656 --- [paymybuddy] [http-nio-8080-exec-3] o.s.w.f.CommonsRequestLoggingFilter      : REQUEST DATA: DELETE /user/relation/2]
2025-03-03T09:39:24.520+01:00 DEBUG 10656 --- [paymybuddy] [http-nio-8080-exec-4] o.s.w.f.CommonsRequestLoggingFilter      : Before request [GET /user/relation]
2025-03-03T09:39:24.556+01:00 DEBUG 10656 --- [paymybuddy] [http-nio-8080-exec-4] o.s.w.f.CommonsRequestLoggingFilter      : REQUEST DATA: GET /user/relation]
2025-03-03T09:39:24.578+01:00 DEBUG 10656 --- [paymybuddy] [http-nio-8080-exec-5] o.s.w.f.CommonsRequestLoggingFilter      : Before request [GET /css/style.css]
2025-03-03T09:39:24.580+01:00 DEBUG 10656 --- [paymybuddy] [http-nio-8080-exec-5] o.s.w.f.CommonsRequestLoggingFilter      : REQUEST DATA: GET /css/style.css]
2025-03-03T09:39:31.562+01:00 DEBUG 10656 --- [paymybuddy] [http-nio-8080-exec-6] o.s.w.f.CommonsRequestLoggingFilter      : Before request [POST /user/relation]
2025-03-03T09:39:31.584+01:00 ERROR 10656 --- [paymybuddy] [http-nio-8080-exec-6] c.p.p.controller.UserController          : - User not found: ben@exemple.com
2025-03-03T09:39:31.584+01:00 DEBUG 10656 --- [paymybuddy] [http-nio-8080-exec-6] o.s.w.f.CommonsRequestLoggingFilter      : REQUEST DATA: POST /user/relation, payload=_csrf=RT5mzVFJH3AUbi1IxM8z-KvXZvaoGg-81KXVKEyCjtvqT6aCJw4C-zMtfBI5Vh54puIHyZ_mS5edI2uR5ZbtG3myvunYfsfh&buddyEmail=ben%40exemple.com]
2025-03-03T09:39:31.584+01:00 DEBUG 10656 --- [paymybuddy] [http-nio-8080-exec-7] o.s.w.f.CommonsRequestLoggingFilter      : Before request [GET /user/relation]
2025-03-03T09:39:31.607+01:00 DEBUG 10656 --- [paymybuddy] [http-nio-8080-exec-7] o.s.w.f.CommonsRequestLoggingFilter      : REQUEST DATA: GET /user/relation]
2025-03-03T09:39:31.626+01:00 DEBUG 10656 --- [paymybuddy] [http-nio-8080-exec-8] o.s.w.f.CommonsRequestLoggingFilter      : Before request [GET /css/style.css]
2025-03-03T09:39:31.629+01:00 DEBUG 10656 --- [paymybuddy] [http-nio-8080-exec-8] o.s.w.f.CommonsRequestLoggingFilter      : REQUEST DATA: GET /css/style.css]
2025-03-03T09:39:37.093+01:00 DEBUG 10656 --- [paymybuddy] [http-nio-8080-exec-9] o.s.w.f.CommonsRequestLoggingFilter      : Before request [POST /user/relation]
2025-03-03T09:39:37.112+01:00  INFO 10656 --- [paymybuddy] [http-nio-8080-exec-9] c.p.paymybuddy.service.UserService       : *** Buddy ben@example.com added to tomi@example.com 's list
2025-03-03T09:39:37.128+01:00 DEBUG 10656 --- [paymybuddy] [http-nio-8080-exec-9] o.s.w.f.CommonsRequestLoggingFilter      : REQUEST DATA: POST /user/relation, payload=_csrf=qLS5vbbBchS_t3cRvaeOYR97Gj6JmyYfVaJ70gU1iQaHtRFEyoTdi9SlEXaSj0Qh34q6UCtKN1-8okIyZJFD4TAFuTS1hHAn&buddyEmail=ben%40example.com]
2025-03-03T09:39:37.130+01:00 DEBUG 10656 --- [paymybuddy] [http-nio-8080-exec-10] o.s.w.f.CommonsRequestLoggingFilter      : Before request [GET /user/relation]
2025-03-03T09:39:37.145+01:00 DEBUG 10656 --- [paymybuddy] [http-nio-8080-exec-10] o.s.w.f.CommonsRequestLoggingFilter      : REQUEST DATA: GET /user/relation]
2025-03-03T09:39:37.170+01:00 DEBUG 10656 --- [paymybuddy] [http-nio-8080-exec-1] o.s.w.f.CommonsRequestLoggingFilter      : Before request [GET /css/style.css]
2025-03-03T09:39:37.173+01:00 DEBUG 10656 --- [paymybuddy] [http-nio-8080-exec-1] o.s.w.f.CommonsRequestLoggingFilter      : REQUEST DATA: GET /css/style.css]
2025-03-03T09:41:25.767+01:00  INFO 10656 --- [paymybuddy] [File Watcher] rtingClassPathChangeChangedEventListener : Restarting due to 1 class path change (0 additions, 0 deletions, 1 modification)
2025-03-03T09:41:25.776+01:00  INFO 10656 --- [paymybuddy] [Thread-15] o.s.b.w.e.tomcat.GracefulShutdown        : Commencing graceful shutdown. Waiting for active requests to complete
2025-03-03T09:41:25.792+01:00  INFO 10656 --- [paymybuddy] [tomcat-shutdown] o.s.b.w.e.tomcat.GracefulShutdown        : Graceful shutdown complete
2025-03-03T09:41:25.795+01:00  INFO 10656 --- [paymybuddy] [Thread-15] j.LocalContainerEntityManagerFactoryBean : Closing JPA EntityManagerFactory for persistence unit 'default'
2025-03-03T09:41:25.807+01:00  INFO 10656 --- [paymybuddy] [Thread-15] com.zaxxer.hikari.HikariDataSource       : HikariPool-4 - Shutdown initiated...
2025-03-03T09:41:25.817+01:00  INFO 10656 --- [paymybuddy] [Thread-15] com.zaxxer.hikari.HikariDataSource       : HikariPool-4 - Shutdown completed.
2025-03-03T09:41:26.021+01:00  INFO 10656 --- [paymybuddy] [restartedMain] c.p.paymybuddy.PaymybuddyApplication     : Starting PaymybuddyApplication using Java 21.0.5 with PID 10656 (C:\Users\gbujon\Desktop\PayMyBuddy\target\classes started by gbujon in C:\Users\gbujon\Desktop\PayMyBuddy)
2025-03-03T09:41:26.040+01:00  INFO 10656 --- [paymybuddy] [restartedMain] c.p.paymybuddy.PaymybuddyApplication     : No active profile set, falling back to 1 default profile: "default"
2025-03-03T09:41:26.313+01:00  INFO 10656 --- [paymybuddy] [restartedMain] .s.d.r.c.RepositoryConfigurationDelegate : Bootstrapping Spring Data JPA repositories in DEFAULT mode.
2025-03-03T09:41:26.406+01:00  INFO 10656 --- [paymybuddy] [restartedMain] .s.d.r.c.RepositoryConfigurationDelegate : Finished Spring Data repository scanning in 88 ms. Found 2 JPA repository interfaces.
2025-03-03T09:41:26.530+01:00  INFO 10656 --- [paymybuddy] [restartedMain] o.s.b.w.embedded.tomcat.TomcatWebServer  : Tomcat initialized with port 8080 (http)
2025-03-03T09:41:26.532+01:00  INFO 10656 --- [paymybuddy] [restartedMain] o.apache.catalina.core.StandardService   : Starting service [Tomcat]
2025-03-03T09:41:26.533+01:00  INFO 10656 --- [paymybuddy] [restartedMain] o.apache.catalina.core.StandardEngine    : Starting Servlet engine: [Apache Tomcat/10.1.34]
2025-03-03T09:41:26.549+01:00  INFO 10656 --- [paymybuddy] [restartedMain] o.a.c.c.C.[Tomcat].[localhost].[/]       : Initializing Spring embedded WebApplicationContext
2025-03-03T09:41:26.550+01:00  INFO 10656 --- [paymybuddy] [restartedMain] w.s.c.ServletWebServerApplicationContext : Root WebApplicationContext: initialization completed in 487 ms
2025-03-03T09:41:26.567+01:00 DEBUG 10656 --- [paymybuddy] [restartedMain] o.s.w.f.CommonsRequestLoggingFilter      : Filter 'logFilter' configured for use
2025-03-03T09:41:26.589+01:00  INFO 10656 --- [paymybuddy] [restartedMain] o.hibernate.jpa.internal.util.LogHelper  : HHH000204: Processing PersistenceUnitInfo [name: default]
2025-03-03T09:41:26.589+01:00  INFO 10656 --- [paymybuddy] [restartedMain] o.h.c.internal.RegionFactoryInitiator    : HHH000026: Second-level cache disabled
2025-03-03T09:41:26.611+01:00  INFO 10656 --- [paymybuddy] [restartedMain] o.s.o.j.p.SpringPersistenceUnitInfo      : No LoadTimeWeaver setup: ignoring JPA class transformer
2025-03-03T09:41:26.611+01:00  INFO 10656 --- [paymybuddy] [restartedMain] com.zaxxer.hikari.HikariDataSource       : HikariPool-5 - Starting...
2025-03-03T09:41:26.624+01:00  INFO 10656 --- [paymybuddy] [restartedMain] com.zaxxer.hikari.pool.HikariPool        : HikariPool-5 - Added connection com.mysql.cj.jdbc.ConnectionImpl@25ec2ed8
2025-03-03T09:41:26.624+01:00  INFO 10656 --- [paymybuddy] [restartedMain] com.zaxxer.hikari.HikariDataSource       : HikariPool-5 - Start completed.
2025-03-03T09:41:26.624+01:00  WARN 10656 --- [paymybuddy] [restartedMain] org.hibernate.orm.deprecation            : HHH90000025: MySQL8Dialect does not need to be specified explicitly using 'hibernate.dialect' (remove the property setting and it will be selected by default)
2025-03-03T09:41:26.624+01:00  WARN 10656 --- [paymybuddy] [restartedMain] org.hibernate.orm.deprecation            : HHH90000026: MySQL8Dialect has been deprecated; use org.hibernate.dialect.MySQLDialect instead
2025-03-03T09:41:26.624+01:00  INFO 10656 --- [paymybuddy] [restartedMain] org.hibernate.orm.connections.pooling    : HHH10001005: Database info:
	Database JDBC URL [Connecting through datasource 'HikariDataSource (HikariPool-5)']
	Database driver: undefined/unknown
	Database version: 8.0
	Autocommit mode: undefined/unknown
	Isolation level: undefined/unknown
	Minimum pool size: undefined/unknown
	Maximum pool size: undefined/unknown
2025-03-03T09:41:26.694+01:00  INFO 10656 --- [paymybuddy] [restartedMain] o.h.e.t.j.p.i.JtaPlatformInitiator       : HHH000489: No JTA platform available (set 'hibernate.transaction.jta.platform' to enable JTA platform integration)
2025-03-03T09:41:26.721+01:00  INFO 10656 --- [paymybuddy] [restartedMain] j.LocalContainerEntityManagerFactoryBean : Initialized JPA EntityManagerFactory for persistence unit 'default'
2025-03-03T09:41:26.816+01:00  WARN 10656 --- [paymybuddy] [restartedMain] JpaBaseConfiguration$JpaWebConfiguration : spring.jpa.open-in-view is enabled by default. Therefore, database queries may be performed during view rendering. Explicitly configure spring.jpa.open-in-view to disable this warning
2025-03-03T09:41:26.821+01:00  INFO 10656 --- [paymybuddy] [restartedMain] r$InitializeUserDetailsManagerConfigurer : Global AuthenticationManager configured with UserDetailsService bean with name customUserDetailsService
2025-03-03T09:41:26.938+01:00  INFO 10656 --- [paymybuddy] [restartedMain] o.s.b.d.a.OptionalLiveReloadServer       : LiveReload server is running on port 35729
2025-03-03T09:41:26.939+01:00  INFO 10656 --- [paymybuddy] [restartedMain] o.s.b.w.embedded.tomcat.TomcatWebServer  : Tomcat started on port 8080 (http) with context path '/'
2025-03-03T09:41:26.955+01:00  INFO 10656 --- [paymybuddy] [restartedMain] c.p.paymybuddy.PaymybuddyApplication     : Started PaymybuddyApplication in 1.028 seconds (process running for 2188.034)
2025-03-03T09:41:26.959+01:00  INFO 10656 --- [paymybuddy] [restartedMain] .ConditionEvaluationDeltaLoggingListener : Condition evaluation unchanged
2025-03-03T09:41:30.783+01:00  INFO 10656 --- [paymybuddy] [http-nio-8080-exec-1] o.a.c.c.C.[Tomcat].[localhost].[/]       : Initializing Spring DispatcherServlet 'dispatcherServlet'
2025-03-03T09:41:30.784+01:00  INFO 10656 --- [paymybuddy] [http-nio-8080-exec-1] o.s.web.servlet.DispatcherServlet        : Initializing Servlet 'dispatcherServlet'
2025-03-03T09:41:30.791+01:00  INFO 10656 --- [paymybuddy] [http-nio-8080-exec-1] o.s.web.servlet.DispatcherServlet        : Completed initialization in 2 ms
2025-03-03T09:41:30.800+01:00 DEBUG 10656 --- [paymybuddy] [http-nio-8080-exec-1] o.s.w.f.CommonsRequestLoggingFilter      : Before request [DELETE /user/relation/3]
2025-03-03T09:41:30.833+01:00  INFO 10656 --- [paymybuddy] [http-nio-8080-exec-1] c.p.paymybuddy.service.UserService       : *** Buddy ben@example.com removed from tomi@example.com 's list
2025-03-03T09:41:30.838+01:00 DEBUG 10656 --- [paymybuddy] [http-nio-8080-exec-1] o.s.w.f.CommonsRequestLoggingFilter      : REQUEST DATA: DELETE /user/relation/3]
2025-03-03T09:41:30.847+01:00 DEBUG 10656 --- [paymybuddy] [http-nio-8080-exec-3] o.s.w.f.CommonsRequestLoggingFilter      : Before request [GET /user/relation]
2025-03-03T09:41:30.886+01:00 DEBUG 10656 --- [paymybuddy] [http-nio-8080-exec-3] o.s.w.f.CommonsRequestLoggingFilter      : REQUEST DATA: GET /user/relation]
2025-03-03T09:41:30.919+01:00 DEBUG 10656 --- [paymybuddy] [http-nio-8080-exec-4] o.s.w.f.CommonsRequestLoggingFilter      : Before request [GET /css/style.css]
2025-03-03T09:41:30.923+01:00 DEBUG 10656 --- [paymybuddy] [http-nio-8080-exec-4] o.s.w.f.CommonsRequestLoggingFilter      : REQUEST DATA: GET /css/style.css]
2025-03-03T09:41:39.077+01:00 DEBUG 10656 --- [paymybuddy] [http-nio-8080-exec-2] o.s.w.f.CommonsRequestLoggingFilter      : Before request [POST /user/relation]
2025-03-03T09:41:39.105+01:00  INFO 10656 --- [paymybuddy] [http-nio-8080-exec-2] c.p.paymybuddy.service.UserService       : *** Buddy ben@example.com added to tomi@example.com 's list
2025-03-03T09:41:39.115+01:00 DEBUG 10656 --- [paymybuddy] [http-nio-8080-exec-2] o.s.w.f.CommonsRequestLoggingFilter      : REQUEST DATA: POST /user/relation, payload=_csrf=Y564tyogRKdx7wva6u6JHqI4hNYdFlV4AjCVBHHIqhuDW1JOAa7cgUhEJ8Vc1zjqiMO9L5YJqbcoLzFVMwOtN0T4mimxajMt&buddyEmail=ben%40example.com]
2025-03-03T09:41:39.121+01:00 DEBUG 10656 --- [paymybuddy] [http-nio-8080-exec-6] o.s.w.f.CommonsRequestLoggingFilter      : Before request [GET /user/relation]
2025-03-03T09:41:39.136+01:00 DEBUG 10656 --- [paymybuddy] [http-nio-8080-exec-6] o.s.w.f.CommonsRequestLoggingFilter      : REQUEST DATA: GET /user/relation]
2025-03-03T09:41:39.157+01:00 DEBUG 10656 --- [paymybuddy] [http-nio-8080-exec-7] o.s.w.f.CommonsRequestLoggingFilter      : Before request [GET /css/style.css]
2025-03-03T09:41:39.164+01:00 DEBUG 10656 --- [paymybuddy] [http-nio-8080-exec-7] o.s.w.f.CommonsRequestLoggingFilter      : REQUEST DATA: GET /css/style.css]
2025-03-03T09:42:03.421+01:00 DEBUG 10656 --- [paymybuddy] [http-nio-8080-exec-8] o.s.w.f.CommonsRequestLoggingFilter      : Before request [DELETE /user/relation/3]
2025-03-03T09:42:03.445+01:00  INFO 10656 --- [paymybuddy] [http-nio-8080-exec-8] c.p.paymybuddy.service.UserService       : *** Buddy ben@example.com removed from tomi@example.com 's list
2025-03-03T09:42:03.461+01:00 DEBUG 10656 --- [paymybuddy] [http-nio-8080-exec-8] o.s.w.f.CommonsRequestLoggingFilter      : REQUEST DATA: DELETE /user/relation/3]
2025-03-03T09:42:03.461+01:00 DEBUG 10656 --- [paymybuddy] [http-nio-8080-exec-5] o.s.w.f.CommonsRequestLoggingFilter      : Before request [GET /user/relation]
2025-03-03T09:42:03.478+01:00 DEBUG 10656 --- [paymybuddy] [http-nio-8080-exec-5] o.s.w.f.CommonsRequestLoggingFilter      : REQUEST DATA: GET /user/relation]
2025-03-03T09:42:03.495+01:00 DEBUG 10656 --- [paymybuddy] [http-nio-8080-exec-10] o.s.w.f.CommonsRequestLoggingFilter      : Before request [GET /css/style.css]
2025-03-03T09:42:03.500+01:00 DEBUG 10656 --- [paymybuddy] [http-nio-8080-exec-10] o.s.w.f.CommonsRequestLoggingFilter      : REQUEST DATA: GET /css/style.css]
2025-03-03T09:42:07.471+01:00 DEBUG 10656 --- [paymybuddy] [http-nio-8080-exec-9] o.s.w.f.CommonsRequestLoggingFilter      : Before request [POST /user/relation]
2025-03-03T09:42:07.490+01:00  INFO 10656 --- [paymybuddy] [http-nio-8080-exec-9] c.p.paymybuddy.service.UserService       : *** Buddy ben@example.com added to tomi@example.com 's list
2025-03-03T09:42:07.497+01:00 DEBUG 10656 --- [paymybuddy] [http-nio-8080-exec-9] o.s.w.f.CommonsRequestLoggingFilter      : REQUEST DATA: POST /user/relation, payload=_csrf=RcgOi48UvfVQ_0RYfVA__Utb11LRneMLs9XJVg5u1oTe5LqWJ_hqve1w3pd9x3doH30LzH9q-jPkpIcmgubxZTte5rbs1dv1&buddyEmail=ben%40example.com]
2025-03-03T09:42:07.503+01:00 DEBUG 10656 --- [paymybuddy] [http-nio-8080-exec-1] o.s.w.f.CommonsRequestLoggingFilter      : Before request [GET /user/relation]
2025-03-03T09:42:07.522+01:00 DEBUG 10656 --- [paymybuddy] [http-nio-8080-exec-1] o.s.w.f.CommonsRequestLoggingFilter      : REQUEST DATA: GET /user/relation]
2025-03-03T09:42:07.537+01:00 DEBUG 10656 --- [paymybuddy] [http-nio-8080-exec-3] o.s.w.f.CommonsRequestLoggingFilter      : Before request [GET /css/style.css]
2025-03-03T09:42:07.541+01:00 DEBUG 10656 --- [paymybuddy] [http-nio-8080-exec-3] o.s.w.f.CommonsRequestLoggingFilter      : REQUEST DATA: GET /css/style.css]
2025-03-03T09:42:48.212+01:00 DEBUG 10656 --- [paymybuddy] [http-nio-8080-exec-2] o.s.w.f.CommonsRequestLoggingFilter      : Before request [GET /user/profile]
2025-03-03T09:42:48.235+01:00 DEBUG 10656 --- [paymybuddy] [http-nio-8080-exec-2] o.s.w.f.CommonsRequestLoggingFilter      : REQUEST DATA: GET /user/profile]
2025-03-03T09:42:48.249+01:00 DEBUG 10656 --- [paymybuddy] [http-nio-8080-exec-6] o.s.w.f.CommonsRequestLoggingFilter      : Before request [GET /css/style.css]
2025-03-03T09:42:48.257+01:00 DEBUG 10656 --- [paymybuddy] [http-nio-8080-exec-6] o.s.w.f.CommonsRequestLoggingFilter      : REQUEST DATA: GET /css/style.css]
2025-03-03T09:42:50.099+01:00 DEBUG 10656 --- [paymybuddy] [http-nio-8080-exec-7] o.s.w.f.CommonsRequestLoggingFilter      : Before request [GET /user/transfer]
2025-03-03T09:42:50.140+01:00 DEBUG 10656 --- [paymybuddy] [http-nio-8080-exec-7] o.s.w.f.CommonsRequestLoggingFilter      : REQUEST DATA: GET /user/transfer]
2025-03-03T09:42:50.153+01:00 DEBUG 10656 --- [paymybuddy] [http-nio-8080-exec-8] o.s.w.f.CommonsRequestLoggingFilter      : Before request [GET /css/style.css]
2025-03-03T09:42:50.158+01:00 DEBUG 10656 --- [paymybuddy] [http-nio-8080-exec-8] o.s.w.f.CommonsRequestLoggingFilter      : REQUEST DATA: GET /css/style.css]
2025-03-03T09:43:48.197+01:00 DEBUG 10656 --- [paymybuddy] [http-nio-8080-exec-5] o.s.w.f.CommonsRequestLoggingFilter      : Before request [GET /user/transfer]
2025-03-03T09:43:48.235+01:00 DEBUG 10656 --- [paymybuddy] [http-nio-8080-exec-5] o.s.w.f.CommonsRequestLoggingFilter      : REQUEST DATA: GET /user/transfer]
2025-03-03T09:43:48.248+01:00 DEBUG 10656 --- [paymybuddy] [http-nio-8080-exec-9] o.s.w.f.CommonsRequestLoggingFilter      : Before request [GET /css/style.css]
2025-03-03T09:43:48.252+01:00 DEBUG 10656 --- [paymybuddy] [http-nio-8080-exec-9] o.s.w.f.CommonsRequestLoggingFilter      : REQUEST DATA: GET /css/style.css]
2025-03-03T09:44:08.001+01:00 DEBUG 10656 --- [paymybuddy] [http-nio-8080-exec-3] o.s.w.f.CommonsRequestLoggingFilter      : Before request [GET /login?logout]
2025-03-03T09:44:08.007+01:00 DEBUG 10656 --- [paymybuddy] [http-nio-8080-exec-3] o.s.w.f.CommonsRequestLoggingFilter      : REQUEST DATA: GET /login?logout]
2025-03-03T09:44:08.028+01:00 DEBUG 10656 --- [paymybuddy] [http-nio-8080-exec-4] o.s.w.f.CommonsRequestLoggingFilter      : Before request [GET /css/style.css]
2025-03-03T09:44:08.035+01:00 DEBUG 10656 --- [paymybuddy] [http-nio-8080-exec-4] o.s.w.f.CommonsRequestLoggingFilter      : REQUEST DATA: GET /css/style.css]
2025-03-03T09:44:29.007+01:00  INFO 10656 --- [paymybuddy] [http-nio-8080-exec-2] c.p.p.service.CustomUserDetailsService   : * Login attempt: {}quentin@example.com
2025-03-03T09:44:29.051+01:00  INFO 10656 --- [paymybuddy] [http-nio-8080-exec-2] c.p.p.service.CustomUserDetailsService   : * User found: {}quentin@example.com
2025-03-03T09:44:29.145+01:00  INFO 10656 --- [paymybuddy] [http-nio-8080-exec-2] c.p.paymybuddy.config.SecurityConfig     : ---- org.springframework.security.authentication.BadCredentialsException: Les identifications sont errones
2025-03-03T09:44:29.149+01:00 DEBUG 10656 --- [paymybuddy] [http-nio-8080-exec-6] o.s.w.f.CommonsRequestLoggingFilter      : Before request [GET /login?error=true]
2025-03-03T09:44:29.153+01:00 DEBUG 10656 --- [paymybuddy] [http-nio-8080-exec-6] o.s.w.f.CommonsRequestLoggingFilter      : REQUEST DATA: GET /login?error=true]
2025-03-03T09:44:29.166+01:00 DEBUG 10656 --- [paymybuddy] [http-nio-8080-exec-7] o.s.w.f.CommonsRequestLoggingFilter      : Before request [GET /css/style.css]
2025-03-03T09:44:29.170+01:00 DEBUG 10656 --- [paymybuddy] [http-nio-8080-exec-7] o.s.w.f.CommonsRequestLoggingFilter      : REQUEST DATA: GET /css/style.css]
2025-03-03T09:45:44.166+01:00  INFO 10656 --- [paymybuddy] [File Watcher] rtingClassPathChangeChangedEventListener : Restarting due to 1 class path change (0 additions, 0 deletions, 1 modification)
2025-03-03T09:45:44.171+01:00  INFO 10656 --- [paymybuddy] [Thread-19] o.s.b.w.e.tomcat.GracefulShutdown        : Commencing graceful shutdown. Waiting for active requests to complete
2025-03-03T09:45:44.175+01:00  INFO 10656 --- [paymybuddy] [tomcat-shutdown] o.s.b.w.e.tomcat.GracefulShutdown        : Graceful shutdown complete
2025-03-03T09:45:44.178+01:00  INFO 10656 --- [paymybuddy] [Thread-19] j.LocalContainerEntityManagerFactoryBean : Closing JPA EntityManagerFactory for persistence unit 'default'
2025-03-03T09:45:44.179+01:00  INFO 10656 --- [paymybuddy] [Thread-19] com.zaxxer.hikari.HikariDataSource       : HikariPool-5 - Shutdown initiated...
2025-03-03T09:45:44.183+01:00  INFO 10656 --- [paymybuddy] [Thread-19] com.zaxxer.hikari.HikariDataSource       : HikariPool-5 - Shutdown completed.
2025-03-03T09:45:44.287+01:00  INFO 10656 --- [paymybuddy] [restartedMain] c.p.paymybuddy.PaymybuddyApplication     : Starting PaymybuddyApplication using Java 21.0.5 with PID 10656 (C:\Users\gbujon\Desktop\PayMyBuddy\target\classes started by gbujon in C:\Users\gbujon\Desktop\PayMyBuddy)
2025-03-03T09:45:44.287+01:00  INFO 10656 --- [paymybuddy] [restartedMain] c.p.paymybuddy.PaymybuddyApplication     : No active profile set, falling back to 1 default profile: "default"
2025-03-03T09:45:44.485+01:00  INFO 10656 --- [paymybuddy] [restartedMain] .s.d.r.c.RepositoryConfigurationDelegate : Bootstrapping Spring Data JPA repositories in DEFAULT mode.
2025-03-03T09:45:44.485+01:00  INFO 10656 --- [paymybuddy] [restartedMain] .s.d.r.c.RepositoryConfigurationDelegate : Finished Spring Data repository scanning in 9 ms. Found 2 JPA repository interfaces.
2025-03-03T09:45:44.656+01:00  INFO 10656 --- [paymybuddy] [restartedMain] o.s.b.w.embedded.tomcat.TomcatWebServer  : Tomcat initialized with port 8080 (http)
2025-03-03T09:45:44.656+01:00  INFO 10656 --- [paymybuddy] [restartedMain] o.apache.catalina.core.StandardService   : Starting service [Tomcat]
2025-03-03T09:45:44.656+01:00  INFO 10656 --- [paymybuddy] [restartedMain] o.apache.catalina.core.StandardEngine    : Starting Servlet engine: [Apache Tomcat/10.1.34]
2025-03-03T09:45:44.709+01:00  INFO 10656 --- [paymybuddy] [restartedMain] o.a.c.c.C.[Tomcat].[localhost].[/]       : Initializing Spring embedded WebApplicationContext
2025-03-03T09:45:44.709+01:00  INFO 10656 --- [paymybuddy] [restartedMain] w.s.c.ServletWebServerApplicationContext : Root WebApplicationContext: initialization completed in 422 ms
2025-03-03T09:45:44.723+01:00 DEBUG 10656 --- [paymybuddy] [restartedMain] o.s.w.f.CommonsRequestLoggingFilter      : Filter 'logFilter' configured for use
2025-03-03T09:45:44.757+01:00  INFO 10656 --- [paymybuddy] [restartedMain] o.hibernate.jpa.internal.util.LogHelper  : HHH000204: Processing PersistenceUnitInfo [name: default]
2025-03-03T09:45:44.757+01:00  INFO 10656 --- [paymybuddy] [restartedMain] o.h.c.internal.RegionFactoryInitiator    : HHH000026: Second-level cache disabled
2025-03-03T09:45:44.773+01:00  INFO 10656 --- [paymybuddy] [restartedMain] o.s.o.j.p.SpringPersistenceUnitInfo      : No LoadTimeWeaver setup: ignoring JPA class transformer
2025-03-03T09:45:44.773+01:00  INFO 10656 --- [paymybuddy] [restartedMain] com.zaxxer.hikari.HikariDataSource       : HikariPool-6 - Starting...
2025-03-03T09:45:44.788+01:00  INFO 10656 --- [paymybuddy] [restartedMain] com.zaxxer.hikari.pool.HikariPool        : HikariPool-6 - Added connection com.mysql.cj.jdbc.ConnectionImpl@c637c86
2025-03-03T09:45:44.789+01:00  INFO 10656 --- [paymybuddy] [restartedMain] com.zaxxer.hikari.HikariDataSource       : HikariPool-6 - Start completed.
2025-03-03T09:45:44.791+01:00  WARN 10656 --- [paymybuddy] [restartedMain] org.hibernate.orm.deprecation            : HHH90000025: MySQL8Dialect does not need to be specified explicitly using 'hibernate.dialect' (remove the property setting and it will be selected by default)
2025-03-03T09:45:44.792+01:00  WARN 10656 --- [paymybuddy] [restartedMain] org.hibernate.orm.deprecation            : HHH90000026: MySQL8Dialect has been deprecated; use org.hibernate.dialect.MySQLDialect instead
2025-03-03T09:45:44.793+01:00  INFO 10656 --- [paymybuddy] [restartedMain] org.hibernate.orm.connections.pooling    : HHH10001005: Database info:
	Database JDBC URL [Connecting through datasource 'HikariDataSource (HikariPool-6)']
	Database driver: undefined/unknown
	Database version: 8.0
	Autocommit mode: undefined/unknown
	Isolation level: undefined/unknown
	Minimum pool size: undefined/unknown
	Maximum pool size: undefined/unknown
2025-03-03T09:45:44.872+01:00  INFO 10656 --- [paymybuddy] [restartedMain] o.h.e.t.j.p.i.JtaPlatformInitiator       : HHH000489: No JTA platform available (set 'hibernate.transaction.jta.platform' to enable JTA platform integration)
2025-03-03T09:45:44.906+01:00  INFO 10656 --- [paymybuddy] [restartedMain] j.LocalContainerEntityManagerFactoryBean : Initialized JPA EntityManagerFactory for persistence unit 'default'
2025-03-03T09:45:45.013+01:00  WARN 10656 --- [paymybuddy] [restartedMain] JpaBaseConfiguration$JpaWebConfiguration : spring.jpa.open-in-view is enabled by default. Therefore, database queries may be performed during view rendering. Explicitly configure spring.jpa.open-in-view to disable this warning
2025-03-03T09:45:45.024+01:00  INFO 10656 --- [paymybuddy] [restartedMain] r$InitializeUserDetailsManagerConfigurer : Global AuthenticationManager configured with UserDetailsService bean with name customUserDetailsService
2025-03-03T09:45:45.156+01:00  INFO 10656 --- [paymybuddy] [restartedMain] o.s.b.d.a.OptionalLiveReloadServer       : LiveReload server is running on port 35729
2025-03-03T09:45:45.163+01:00  INFO 10656 --- [paymybuddy] [restartedMain] o.s.b.w.embedded.tomcat.TomcatWebServer  : Tomcat started on port 8080 (http) with context path '/'
2025-03-03T09:45:45.166+01:00  INFO 10656 --- [paymybuddy] [restartedMain] c.p.paymybuddy.PaymybuddyApplication     : Started PaymybuddyApplication in 0.911 seconds (process running for 2446.242)
2025-03-03T09:45:45.168+01:00  INFO 10656 --- [paymybuddy] [restartedMain] .ConditionEvaluationDeltaLoggingListener : Condition evaluation unchanged
